Unity Editor version:    2021.3.11f1 (0a5ca18544bf)
Branch:                  2021.3/staging
Build type:              Release
Batch mode:              YES
macOS version:           Version 13.0.1 (Build 22A400)
Darwin version:          22.1.0
Architecture:            x86_64
Running under Rosetta:   YES
Available memory:        16384 MB
Using pre-set license
Pro License: YES

COMMAND LINE ARGUMENTS:
/Applications/Unity/Hub/Editor/2021.3.11f1/Unity.app/Contents/MacOS/Unity
-adb2
-batchMode
-noUpm
-name
AssetImportWorker0
-projectPath
/Users/maddalendemars/Documents/GitHub/2730final/2730 Final Project
-logFile
Logs/AssetImportWorker0.log
-srvPort
49777
Successfully changed project path to: /Users/maddalendemars/Documents/GitHub/2730final/2730 Final Project
/Users/maddalendemars/Documents/GitHub/2730final/2730 Final Project
[UnityMemory] Configuration Parameters - Can be set up in boot.config
    "memorysetup-bucket-allocator-granularity=16"
    "memorysetup-bucket-allocator-bucket-count=8"
    "memorysetup-bucket-allocator-block-size=33554432"
    "memorysetup-bucket-allocator-block-count=8"
    "memorysetup-main-allocator-block-size=16777216"
    "memorysetup-thread-allocator-block-size=16777216"
    "memorysetup-gfx-main-allocator-block-size=16777216"
    "memorysetup-gfx-thread-allocator-block-size=16777216"
    "memorysetup-cache-allocator-block-size=4194304"
    "memorysetup-typetree-allocator-block-size=2097152"
    "memorysetup-profiler-bucket-allocator-granularity=16"
    "memorysetup-profiler-bucket-allocator-bucket-count=8"
    "memorysetup-profiler-bucket-allocator-block-size=33554432"
    "memorysetup-profiler-bucket-allocator-block-count=8"
    "memorysetup-profiler-allocator-block-size=16777216"
    "memorysetup-profiler-editor-allocator-block-size=1048576"
    "memorysetup-temp-allocator-size-main=16777216"
    "memorysetup-job-temp-allocator-block-size=2097152"
    "memorysetup-job-temp-allocator-block-size-background=1048576"
    "memorysetup-job-temp-allocator-reduction-small-platforms=262144"
    "memorysetup-temp-allocator-size-background-worker=32768"
    "memorysetup-temp-allocator-size-job-worker=262144"
    "memorysetup-temp-allocator-size-preload-manager=33554432"
    "memorysetup-temp-allocator-size-nav-mesh-worker=65536"
    "memorysetup-temp-allocator-size-audio-worker=65536"
    "memorysetup-temp-allocator-size-cloud-worker=32768"
    "memorysetup-temp-allocator-size-gi-baking-worker=262144"
    "memorysetup-temp-allocator-size-gfx=262144"
Refreshing native plugins compatible for Editor in 93.98 ms, found 2 plugins.
Preloading 0 native plugins for Editor in 0.00 ms.
Initialize engine version: 2021.3.11f1 (0a5ca18544bf)
[Subsystems] Discovering subsystems at path /Applications/Unity/Hub/Editor/2021.3.11f1/Unity.app/Contents/Resources/UnitySubsystems
[Subsystems] Discovering subsystems at path /Users/maddalendemars/Documents/GitHub/2730final/2730 Final Project/Assets
GfxDevice: creating device client; threaded=0; jobified=0
 preferred device: Apple M1 (high power)
Metal devices available: 1
0: Apple M1 (high power)
Using device Apple M1 (high power)
Initializing Metal device caps: Apple M1
Initialize mono
Mono path[0] = '/Applications/Unity/Hub/Editor/2021.3.11f1/Unity.app/Contents/Managed'
Mono path[1] = '/Applications/Unity/Hub/Editor/2021.3.11f1/Unity.app/Contents/MonoBleedingEdge/lib/mono/unityjit-macos'
Mono config path = '/Applications/Unity/Hub/Editor/2021.3.11f1/Unity.app/Contents/MonoBleedingEdge/etc'
Using monoOptions --debugger-agent=transport=dt_socket,embedding=1,server=y,suspend=n,address=127.0.0.1:56654
Begin MonoManager ReloadAssembly
Registering precompiled unity dll's ...
Register platform support module: /Applications/Unity/Hub/Editor/2021.3.11f1/PlaybackEngines/WebGLSupport/UnityEditor.WebGL.Extensions.dll
Register platform support module: /Applications/Unity/Hub/Editor/2021.3.11f1/Unity.app/Contents/PlaybackEngines/MacStandaloneSupport/UnityEditor.OSXStandalone.Extensions.dll
Register platform support module: /Applications/Unity/Hub/Editor/2021.3.11f1/PlaybackEngines/WindowsStandaloneSupport/UnityEditor.WindowsStandalone.Extensions.dll
Registered in 0.002405 seconds.
Native extension for WindowsStandalone target not found
Native extension for OSXStandalone target not found
Native extension for WebGL target not found
Refreshing native plugins compatible for Editor in 91.40 ms, found 2 plugins.
Preloading 0 native plugins for Editor in 0.00 ms.
Mono: successfully reloaded assembly
- Completed reload, in  1.375 seconds
Domain Reload Profiling:
	ReloadAssembly (1377ms)
		BeginReloadAssembly (131ms)
			ExecutionOrderSort (0ms)
			DisableScriptedObjects (0ms)
			BackupInstance (0ms)
			ReleaseScriptingObjects (0ms)
			CreateAndSetChildDomain (3ms)
		EndReloadAssembly (1028ms)
			LoadAssemblies (129ms)
			RebuildTransferFunctionScriptingTraits (0ms)
			SetupTypeCache (113ms)
			ReleaseScriptCaches (0ms)
			RebuildScriptCaches (34ms)
			SetupLoadedEditorAssemblies (737ms)
				LogAssemblyErrors (0ms)
				InitializePlatformSupportModulesInManaged (25ms)
				SetLoadedEditorAssemblies (0ms)
				RefreshPlugins (91ms)
				BeforeProcessingInitializeOnLoad (3ms)
				ProcessInitializeOnLoadAttributes (458ms)
				ProcessInitializeOnLoadMethodAttributes (158ms)
				AfterProcessingInitializeOnLoad (0ms)
				EditorAssembliesLoaded (0ms)
			ExecutionOrderSort2 (0ms)
			AwakeInstancesAfterBackupRestoration (0ms)
Platform modules already initialized, skipping
Registering precompiled user dll's ...
Registered in 0.006223 seconds.
Begin MonoManager ReloadAssembly
Symbol file LoadedFromMemory doesn't match image /Users/maddalendemars/Documents/GitHub/2730final/2730 Final Project/Library/PackageCache/com.unity.visualscripting@1.7.8/Editor/VisualScripting.Core/Dependencies/YamlDotNet/Unity.VisualScripting.YamlDotNet.dll
Symbol file LoadedFromMemory doesn't match image /Users/maddalendemars/Documents/GitHub/2730final/2730 Final Project/Library/PackageCache/com.unity.visualscripting@1.7.8/Editor/VisualScripting.Core/Dependencies/DotNetZip/Unity.VisualScripting.IonicZip.dll
Native extension for WindowsStandalone target not found
Native extension for OSXStandalone target not found
Native extension for WebGL target not found
Refreshing native plugins compatible for Editor in 0.64 ms, found 2 plugins.
Preloading 0 native plugins for Editor in 0.00 ms.
Mono: successfully reloaded assembly
- Completed reload, in  2.261 seconds
Domain Reload Profiling:
	ReloadAssembly (2263ms)
		BeginReloadAssembly (219ms)
			ExecutionOrderSort (0ms)
			DisableScriptedObjects (43ms)
			BackupInstance (0ms)
			ReleaseScriptingObjects (0ms)
			CreateAndSetChildDomain (20ms)
		EndReloadAssembly (1772ms)
			LoadAssemblies (107ms)
			RebuildTransferFunctionScriptingTraits (0ms)
			SetupTypeCache (274ms)
			ReleaseScriptCaches (1ms)
			RebuildScriptCaches (57ms)
			SetupLoadedEditorAssemblies (1167ms)
				LogAssemblyErrors (0ms)
				InitializePlatformSupportModulesInManaged (22ms)
				SetLoadedEditorAssemblies (1ms)
				RefreshPlugins (1ms)
				BeforeProcessingInitializeOnLoad (130ms)
				ProcessInitializeOnLoadAttributes (890ms)
				ProcessInitializeOnLoadMethodAttributes (121ms)
				AfterProcessingInitializeOnLoad (1ms)
				EditorAssembliesLoaded (0ms)
			ExecutionOrderSort2 (0ms)
			AwakeInstancesAfterBackupRestoration (11ms)
Platform modules already initialized, skipping
========================================================================
Worker process is ready to serve import requests
Launching external process: /Applications/Unity/Hub/Editor/2021.3.11f1/Unity.app/Contents/Tools/UnityShaderCompiler
Launched and connected shader compiler UnityShaderCompiler after 0.09 seconds
Refreshing native plugins compatible for Editor in 0.69 ms, found 2 plugins.
Preloading 0 native plugins for Editor in 0.00 ms.
Unloading 3383 Unused Serialized files (Serialized files now loaded: 0)
Unloading 27 unused Assets / (85.9 KB). Loaded Objects now: 3845.
Memory consumption went from 105.0 MB to 104.9 MB.
Total: 3.276584 ms (FindLiveObjects: 0.219958 ms CreateObjectMapping: 0.083000 ms MarkObjects: 2.833708 ms  DeleteObjects: 0.139000 ms)

AssetImportParameters requested are different than current active one (requested -> active):
  custom:video-decoder-ogg-theora: a1e56fd34408186e4bbccfd4996cb3dc -> 
  custom:container-muxer-webm: aa71ff27fc2769a1b78a27578f13a17b -> 
  custom:container-demuxer-webm: 4f35f7cbe854078d1ac9338744f61a02 -> 
  custom:video-encoder-webm-vp8: eb34c28f22e8b96e1ab97ce403110664 -> 
  custom:framework-osx-AVFoundation: e770b220cccbd017edd2c1fefb359320 -> 
  custom:audio-encoder-webm-vorbis: bf7c407c2cedff20999df2af8eb42d56 -> 
  custom:container-demuxer-ogg: 62fdf1f143b41e24485cea50d1cbac27 -> 
  custom:video-decoder-webm-vp8: 9c59270c3fd7afecdb556c50c9e8de78 -> 
  custom:audio-decoder-ogg-vorbis: bf7c407c2cedff20999df2af8eb42d56 -> 
========================================================================
Received Import Request.
  Time since last request: 4447.635247 seconds.
  path: Assets/CandyFantasyworld/Textures
  artifactKey: Guid(404d58cb0dd92604daa240ddb85840c1) Importer(815301076,1909f56bfc062723c751e8b465ee728b)
Start importing Assets/CandyFantasyworld/Textures using Guid(404d58cb0dd92604daa240ddb85840c1) Importer(815301076,1909f56bfc062723c751e8b465ee728b)  -> (artifact id: 'b6af8fb1c4e31e9095256d5c6cf2120b') in 0.009813 seconds 
========================================================================
Received Import Request.
  Time since last request: 31.324082 seconds.
  path: Assets/CandyFantasyworld/Models/Materials/bbt.mat
  artifactKey: Guid(f9567f637818b45658090d205b328ef8) Importer(815301076,1909f56bfc062723c751e8b465ee728b)
Start importing Assets/CandyFantasyworld/Models/Materials/bbt.mat using Guid(f9567f637818b45658090d205b328ef8) Importer(815301076,1909f56bfc062723c751e8b465ee728b)  -> (artifact id: '5c7991306a20ca05c145df341e23a882') in 0.712722 seconds 
========================================================================
Received Import Request.
  Time since last request: 0.000052 seconds.
  path: Assets/CandyFantasyworld/Models/Materials/common_obj_159.mat
  artifactKey: Guid(8a51aabc720942c49a0828b3135c90b4) Importer(815301076,1909f56bfc062723c751e8b465ee728b)
Start importing Assets/CandyFantasyworld/Models/Materials/common_obj_159.mat using Guid(8a51aabc720942c49a0828b3135c90b4) Importer(815301076,1909f56bfc062723c751e8b465ee728b)  -> (artifact id: '6f93153f82239e09c7addf901c9aded9') in 0.061951 seconds 
========================================================================
Received Import Request.
  Time since last request: 0.000057 seconds.
  path: Assets/CandyFantasyworld/Models/Materials/common_obj_148.mat
  artifactKey: Guid(b5fe425dadf5c4844b465e1b584db5dc) Importer(815301076,1909f56bfc062723c751e8b465ee728b)
Start importing Assets/CandyFantasyworld/Models/Materials/common_obj_148.mat using Guid(b5fe425dadf5c4844b465e1b584db5dc) Importer(815301076,1909f56bfc062723c751e8b465ee728b)  -> (artifact id: 'ab355e53f4c0f1cceca24071de756f0f') in 0.011748 seconds 
========================================================================
Received Import Request.
  Time since last request: 0.000042 seconds.
  path: Assets/CandyFantasyworld/Models/Materials/CJ_1.mat
  artifactKey: Guid(65d9e4522327a445cb189a67c4c9b542) Importer(815301076,1909f56bfc062723c751e8b465ee728b)
Start importing Assets/CandyFantasyworld/Models/Materials/CJ_1.mat using Guid(65d9e4522327a445cb189a67c4c9b542) Importer(815301076,1909f56bfc062723c751e8b465ee728b)  -> (artifact id: '00b7cd57e780f91cfeb81c7a2a01269d') in 0.007716 seconds 
========================================================================
Received Import Request.
  Time since last request: 0.000047 seconds.
  path: Assets/CandyFantasyworld/Models/Materials/common_obj_149.mat
  artifactKey: Guid(1839b998c94388345b737fca4992b02c) Importer(815301076,1909f56bfc062723c751e8b465ee728b)
Start importing Assets/CandyFantasyworld/Models/Materials/common_obj_149.mat using Guid(1839b998c94388345b737fca4992b02c) Importer(815301076,1909f56bfc062723c751e8b465ee728b)  -> (artifact id: 'b0ba5656a16f4cab5038ac5edc2a90e4') in 0.010243 seconds 
========================================================================
Received Import Request.
  Time since last request: 0.000078 seconds.
  path: Assets/CandyFantasyworld/Models/Materials/common_obj_147_2.mat
  artifactKey: Guid(488177b82fc447f4eba1379f2e0ebd6a) Importer(815301076,1909f56bfc062723c751e8b465ee728b)
Start importing Assets/CandyFantasyworld/Models/Materials/common_obj_147_2.mat using Guid(488177b82fc447f4eba1379f2e0ebd6a) Importer(815301076,1909f56bfc062723c751e8b465ee728b)  -> (artifact id: 'd8737f7adfb44c6b1e4aff67c0a05923') in 0.010158 seconds 
========================================================================
Received Import Request.
  Time since last request: 0.000055 seconds.
  path: Assets/CandyFantasyworld/Models/Materials/common_obj_147_2_E.mat
  artifactKey: Guid(84e20a3b60d301242894960302e6391d) Importer(815301076,1909f56bfc062723c751e8b465ee728b)
Start importing Assets/CandyFantasyworld/Models/Materials/common_obj_147_2_E.mat using Guid(84e20a3b60d301242894960302e6391d) Importer(815301076,1909f56bfc062723c751e8b465ee728b)  -> (artifact id: '8ecc54b4674e0e5816415fc863785c51') in 0.007925 seconds 
========================================================================
Received Import Request.
  Time since last request: 0.000059 seconds.
  path: Assets/CandyFantasyworld/Models/Materials/common_obj_157_1.mat
  artifactKey: Guid(28cd0bcd064fb6b4bb66d5ae22ef6db7) Importer(815301076,1909f56bfc062723c751e8b465ee728b)
Start importing Assets/CandyFantasyworld/Models/Materials/common_obj_157_1.mat using Guid(28cd0bcd064fb6b4bb66d5ae22ef6db7) Importer(815301076,1909f56bfc062723c751e8b465ee728b)  -> (artifact id: 'e96dd3d867d54adf69eba0e7abf987be') in 0.018923 seconds 
========================================================================
Received Import Request.
  Time since last request: 0.000105 seconds.
  path: Assets/CandyFantasyworld/Models/Materials/common_obj_154_2.mat
  artifactKey: Guid(a382b10f5914e534486dd1f11f512b2b) Importer(815301076,1909f56bfc062723c751e8b465ee728b)
Start importing Assets/CandyFantasyworld/Models/Materials/common_obj_154_2.mat using Guid(a382b10f5914e534486dd1f11f512b2b) Importer(815301076,1909f56bfc062723c751e8b465ee728b)  -> (artifact id: '57bef50024a36c2781beedbf6df31cab') in 0.010187 seconds 
========================================================================
Received Import Request.
  Time since last request: 0.000058 seconds.
  path: Assets/CandyFantasyworld/Models/Materials/common_obj_157.mat
  artifactKey: Guid(b52ae214ffaf43742ae5cdbda6363d9c) Importer(815301076,1909f56bfc062723c751e8b465ee728b)
Start importing Assets/CandyFantasyworld/Models/Materials/common_obj_157.mat using Guid(b52ae214ffaf43742ae5cdbda6363d9c) Importer(815301076,1909f56bfc062723c751e8b465ee728b)  -> (artifact id: '67db32b80c6384734d5cd117b379eb3e') in 0.011673 seconds 
========================================================================
Received Import Request.
  Time since last request: 0.000078 seconds.
  path: Assets/CandyFantasyworld/Models/Materials/common_obj_154.mat
  artifactKey: Guid(eb8ce3369c833224cab50d53a6e9f90b) Importer(815301076,1909f56bfc062723c751e8b465ee728b)
Start importing Assets/CandyFantasyworld/Models/Materials/common_obj_154.mat using Guid(eb8ce3369c833224cab50d53a6e9f90b) Importer(815301076,1909f56bfc062723c751e8b465ee728b)  -> (artifact id: 'df725935faeeaca8c9f30356ed3a6224') in 0.014884 seconds 
========================================================================
Received Import Request.
  Time since last request: 0.000066 seconds.
  path: Assets/CandyFantasyworld/Models/Materials/common_obj_147_1.mat
  artifactKey: Guid(f6bb968e50bf23d4b8354302c38f7f3c) Importer(815301076,1909f56bfc062723c751e8b465ee728b)
Start importing Assets/CandyFantasyworld/Models/Materials/common_obj_147_1.mat using Guid(f6bb968e50bf23d4b8354302c38f7f3c) Importer(815301076,1909f56bfc062723c751e8b465ee728b)  -> (artifact id: 'fbbdb2a5c027198bb97eea3fc770ff23') in 0.008223 seconds 
========================================================================
Received Import Request.
  Time since last request: 0.000082 seconds.
  path: Assets/CandyFantasyworld/Models/Materials/common_obj_161.mat
  artifactKey: Guid(78db0d23ebb52604c81a7d1c924600bc) Importer(815301076,1909f56bfc062723c751e8b465ee728b)
Start importing Assets/CandyFantasyworld/Models/Materials/common_obj_161.mat using Guid(78db0d23ebb52604c81a7d1c924600bc) Importer(815301076,1909f56bfc062723c751e8b465ee728b)  -> (artifact id: '426f9b4eff82b9474e90b7d62a519e21') in 0.012681 seconds 
========================================================================
Received Import Request.
  Time since last request: 0.000068 seconds.
  path: Assets/CandyFantasyworld/Models/Materials/common_obj_147_3.mat
  artifactKey: Guid(6a6d5599892bd3c41b283d405ad25328) Importer(815301076,1909f56bfc062723c751e8b465ee728b)
Start importing Assets/CandyFantasyworld/Models/Materials/common_obj_147_3.mat using Guid(6a6d5599892bd3c41b283d405ad25328) Importer(815301076,1909f56bfc062723c751e8b465ee728b)  -> (artifact id: '21b4e134aee2b52e3bbba9a3a90c07e8') in 0.008372 seconds 
========================================================================
Received Import Request.
  Time since last request: 13.862963 seconds.
  path: Assets/CandyFantasyworld/Materials/CandyGround_1.mat
  artifactKey: Guid(bdee5fb94782645b5b928758859a1aec) Importer(815301076,1909f56bfc062723c751e8b465ee728b)
Start importing Assets/CandyFantasyworld/Materials/CandyGround_1.mat using Guid(bdee5fb94782645b5b928758859a1aec) Importer(815301076,1909f56bfc062723c751e8b465ee728b)  -> (artifact id: '5959a62b2f2bfc9675fbd7e4ee931535') in 0.016338 seconds 
========================================================================
Received Import Request.
  Time since last request: 0.000060 seconds.
  path: Assets/CandyFantasyworld/Materials/CandyGround_5.mat
  artifactKey: Guid(49de8798ad2f448b5bfcb5d27e17da5e) Importer(815301076,1909f56bfc062723c751e8b465ee728b)
Start importing Assets/CandyFantasyworld/Materials/CandyGround_5.mat using Guid(49de8798ad2f448b5bfcb5d27e17da5e) Importer(815301076,1909f56bfc062723c751e8b465ee728b)  -> (artifact id: 'af40bae75171ebe7c8978d0a17c40418') in 0.012367 seconds 
========================================================================
Received Import Request.
  Time since last request: 0.000065 seconds.
  path: Assets/CandyFantasyworld/Materials/CandyGround_3.mat
  artifactKey: Guid(4bdfe294186484a888685829ba375381) Importer(815301076,1909f56bfc062723c751e8b465ee728b)
Start importing Assets/CandyFantasyworld/Materials/CandyGround_3.mat using Guid(4bdfe294186484a888685829ba375381) Importer(815301076,1909f56bfc062723c751e8b465ee728b)  -> (artifact id: 'da835a69ef2febb24b87743595b73c34') in 0.013481 seconds 
========================================================================
Received Import Request.
  Time since last request: 244.856529 seconds.
  path: Assets/CandyFantasyworld/Materials/Lollipop.mat
  artifactKey: Guid(8e3b43eae270e403fabf73e77eca06e7) Importer(815301076,1909f56bfc062723c751e8b465ee728b)
Start importing Assets/CandyFantasyworld/Materials/Lollipop.mat using Guid(8e3b43eae270e403fabf73e77eca06e7) Importer(815301076,1909f56bfc062723c751e8b465ee728b)  -> (artifact id: '2ae51a09ae034a81b3199f0c9320646c') in 0.007686 seconds 
========================================================================
Received Import Request.
  Time since last request: 3.202435 seconds.
  path: Assets/Textures/WitchHutTextures/brown_carpet.jpeg
  artifactKey: Guid(ed67599e74f9f4e3589fd850c3d9629f) Importer(815301076,1909f56bfc062723c751e8b465ee728b)
Start importing Assets/Textures/WitchHutTextures/brown_carpet.jpeg using Guid(ed67599e74f9f4e3589fd850c3d9629f) Importer(815301076,1909f56bfc062723c751e8b465ee728b)  -> (artifact id: '5bd77eb8795c117c222fa5ff06f06816') in 0.406085 seconds 
========================================================================
Received Import Request.
  Time since last request: 1.610249 seconds.
  path: Assets/Textures/WitchHutTextures/cork_texture.jpeg
  artifactKey: Guid(70a6ccaf39b60409a9c97e97d44e0f88) Importer(815301076,1909f56bfc062723c751e8b465ee728b)
Start importing Assets/Textures/WitchHutTextures/cork_texture.jpeg using Guid(70a6ccaf39b60409a9c97e97d44e0f88) Importer(815301076,1909f56bfc062723c751e8b465ee728b)  -> (artifact id: '10361e3fd9b690db192411a916024da4') in 0.008448 seconds 
========================================================================
Received Import Request.
  Time since last request: 8.855504 seconds.
  path: Assets/Textures/WitchHutTextures/fireplace.jpeg
  artifactKey: Guid(8993dfc3edd1b45d29e98655ef52455b) Importer(815301076,1909f56bfc062723c751e8b465ee728b)
Start importing Assets/Textures/WitchHutTextures/fireplace.jpeg using Guid(8993dfc3edd1b45d29e98655ef52455b) Importer(815301076,1909f56bfc062723c751e8b465ee728b)  -> (artifact id: '59567676266ca728141b2eb9467f2e40') in 0.007612 seconds 
========================================================================
Received Import Request.
  Time since last request: 0.000064 seconds.
  path: Assets/Textures/WitchHutTextures/gingerbread2.jpeg
  artifactKey: Guid(1f3828c8e7538426c826c9c4636a45b1) Importer(815301076,1909f56bfc062723c751e8b465ee728b)
Start importing Assets/Textures/WitchHutTextures/gingerbread2.jpeg using Guid(1f3828c8e7538426c826c9c4636a45b1) Importer(815301076,1909f56bfc062723c751e8b465ee728b)  -> (artifact id: 'b31afd36c6a6dbfa1e909c5108875626') in 0.007140 seconds 
========================================================================
Received Import Request.
  Time since last request: 1.352599 seconds.
  path: Assets/Models/treeMaterials/istockphoto-171298174-612x612.jpeg
  artifactKey: Guid(8487b4c1b88e241d69fdfd9ac8de26ec) Importer(815301076,1909f56bfc062723c751e8b465ee728b)
Start importing Assets/Models/treeMaterials/istockphoto-171298174-612x612.jpeg using Guid(8487b4c1b88e241d69fdfd9ac8de26ec) Importer(815301076,1909f56bfc062723c751e8b465ee728b)  -> (artifact id: '885224ba7112648282d200fc345f42bf') in 0.007586 seconds 
========================================================================
Received Import Request.
  Time since last request: 0.609339 seconds.
  path: Assets/Models/treeMaterials/pinkcherryblossom-removebg-preview.png
  artifactKey: Guid(f5173de5ba8ca41d1a13d66ce6009924) Importer(815301076,1909f56bfc062723c751e8b465ee728b)
Start importing Assets/Models/treeMaterials/pinkcherryblossom-removebg-preview.png using Guid(f5173de5ba8ca41d1a13d66ce6009924) Importer(815301076,1909f56bfc062723c751e8b465ee728b)  -> (artifact id: 'de9651c34832c2e87621597b8de309d3') in 0.068666 seconds 
========================================================================
Received Import Request.
  Time since last request: 0.376615 seconds.
  path: Assets/Textures/WitchHutTextures/swirl_candy.jpeg
  artifactKey: Guid(662c686ce66da48e98d5355edac9f5fe) Importer(815301076,1909f56bfc062723c751e8b465ee728b)
Start importing Assets/Textures/WitchHutTextures/swirl_candy.jpeg using Guid(662c686ce66da48e98d5355edac9f5fe) Importer(815301076,1909f56bfc062723c751e8b465ee728b)  -> (artifact id: '57451211d7f3463eaaccaf5202c6baa3') in 0.007474 seconds 
========================================================================
Received Import Request.
  Time since last request: 0.045309 seconds.
  path: Packages/com.unity.timeline/Editor/StyleSheets/Images/Shared/Timeline-Marker-Multi-Overlay.png
  artifactKey: Guid(75f26f1c549568c4e9950a368bd08cb8) Importer(815301076,1909f56bfc062723c751e8b465ee728b)
Start importing Packages/com.unity.timeline/Editor/StyleSheets/Images/Shared/Timeline-Marker-Multi-Overlay.png using Guid(75f26f1c549568c4e9950a368bd08cb8) Importer(815301076,1909f56bfc062723c751e8b465ee728b)  -> (artifact id: '5ef65f9a2035f79bf9d809fdb0c71326') in 0.006182 seconds 
========================================================================
Received Import Request.
  Time since last request: 0.000047 seconds.
  path: Packages/com.unity.timeline/Editor/StyleSheets/Images/LightSkin/TimelineActivation.png
  artifactKey: Guid(2887294cc7f1fe840bff6e349409648d) Importer(815301076,1909f56bfc062723c751e8b465ee728b)
Start importing Packages/com.unity.timeline/Editor/StyleSheets/Images/LightSkin/TimelineActivation.png using Guid(2887294cc7f1fe840bff6e349409648d) Importer(815301076,1909f56bfc062723c751e8b465ee728b)  -> (artifact id: '03f669b83be85d71fb85e7330bc0a6f9') in 0.006352 seconds 
========================================================================
Received Import Request.
  Time since last request: 0.000061 seconds.
  path: Packages/com.unity.timeline/Editor/StyleSheets/Images/LightSkin/TimelineAutokey.png
  artifactKey: Guid(af3aec622aef40c45813b39e405966a3) Importer(815301076,1909f56bfc062723c751e8b465ee728b)
Start importing Packages/com.unity.timeline/Editor/StyleSheets/Images/LightSkin/TimelineAutokey.png using Guid(af3aec622aef40c45813b39e405966a3) Importer(815301076,1909f56bfc062723c751e8b465ee728b)  -> (artifact id: 'e951a34a92d185dee71ac9c77be86ba9') in 0.006358 seconds 
========================================================================
Received Import Request.
  Time since last request: 0.029249 seconds.
  path: Packages/com.unity.timeline/Editor/StyleSheets/Images/DarkSkin/TimelineAutokey@2x.png
  artifactKey: Guid(af24c542434a025448222d576f61a956) Importer(815301076,1909f56bfc062723c751e8b465ee728b)
Start importing Packages/com.unity.timeline/Editor/StyleSheets/Images/DarkSkin/TimelineAutokey@2x.png using Guid(af24c542434a025448222d576f61a956) Importer(815301076,1909f56bfc062723c751e8b465ee728b)  -> (artifact id: 'c3cd04b8fd62a4e6bd5ad7a4b5d9b185') in 0.010581 seconds 
========================================================================
Received Import Request.
  Time since last request: 0.001406 seconds.
  path: Packages/com.unity.timeline/Editor/StyleSheets/Images/DarkSkin/TimelineAutokey_active@2x.png
  artifactKey: Guid(183f7b7549219ab47becb461a16df882) Importer(815301076,1909f56bfc062723c751e8b465ee728b)
Start importing Packages/com.unity.timeline/Editor/StyleSheets/Images/DarkSkin/TimelineAutokey_active@2x.png using Guid(183f7b7549219ab47becb461a16df882) Importer(815301076,1909f56bfc062723c751e8b465ee728b)  -> (artifact id: 'd8d9622bcb0f76448cfb6cb43e974fbc') in 0.005979 seconds 
========================================================================
Received Import Request.
  Time since last request: 0.000046 seconds.
  path: Packages/com.unity.timeline/Editor/StyleSheets/Images/LightSkin/TimelineAutokey_active.png
  artifactKey: Guid(0a5e3e063c4e1ab45999cf6e40c13c07) Importer(815301076,1909f56bfc062723c751e8b465ee728b)
Start importing Packages/com.unity.timeline/Editor/StyleSheets/Images/LightSkin/TimelineAutokey_active.png using Guid(0a5e3e063c4e1ab45999cf6e40c13c07) Importer(815301076,1909f56bfc062723c751e8b465ee728b)  -> (artifact id: 'e2561957de6f6bff305dfbd10572a397') in 0.006031 seconds 
========================================================================
Received Import Request.
  Time since last request: 0.007105 seconds.
  path: Packages/com.unity.timeline/Editor/StyleSheets/Images/Shared/TimelineBottomShadow.png
  artifactKey: Guid(db66ea47c76423f4a881937d34495801) Importer(815301076,1909f56bfc062723c751e8b465ee728b)
Start importing Packages/com.unity.timeline/Editor/StyleSheets/Images/Shared/TimelineBottomShadow.png using Guid(db66ea47c76423f4a881937d34495801) Importer(815301076,1909f56bfc062723c751e8b465ee728b)  -> (artifact id: '6b3a082953a65071dd65c27b9bc649e5') in 0.006658 seconds 
========================================================================
Received Import Request.
  Time since last request: 0.000101 seconds.
  path: Packages/com.unity.timeline/Editor/StyleSheets/Images/Shared/TimelineConnector.png
  artifactKey: Guid(a04f1625bf500f64e97445265dfbcc93) Importer(815301076,1909f56bfc062723c751e8b465ee728b)
Start importing Packages/com.unity.timeline/Editor/StyleSheets/Images/Shared/TimelineConnector.png using Guid(a04f1625bf500f64e97445265dfbcc93) Importer(815301076,1909f56bfc062723c751e8b465ee728b)  -> (artifact id: '3b5af7d8bdbfcda28a084b42a77306da') in 0.007149 seconds 
========================================================================
Received Import Request.
  Time since last request: 0.000043 seconds.
  path: Packages/com.unity.timeline/Editor/StyleSheets/Images/Icons/TimelineClipFG.png
  artifactKey: Guid(33b1871a2d09cfa459a93f4e8feb5c41) Importer(815301076,1909f56bfc062723c751e8b465ee728b)
Start importing Packages/com.unity.timeline/Editor/StyleSheets/Images/Icons/TimelineClipFG.png using Guid(33b1871a2d09cfa459a93f4e8feb5c41) Importer(815301076,1909f56bfc062723c751e8b465ee728b)  -> (artifact id: '4901836c823e3cf89b32988bc6bb74d6') in 0.005762 seconds 
========================================================================
Received Import Request.
  Time since last request: 0.551358 seconds.
  path: Packages/com.unity.timeline/Editor/StyleSheets/Images/LightSkin/TimelineContinue.png
  artifactKey: Guid(61c21f74972ba8246b3ea400a9231841) Importer(815301076,1909f56bfc062723c751e8b465ee728b)
Start importing Packages/com.unity.timeline/Editor/StyleSheets/Images/LightSkin/TimelineContinue.png using Guid(61c21f74972ba8246b3ea400a9231841) Importer(815301076,1909f56bfc062723c751e8b465ee728b)  -> (artifact id: '6c1db3707b9779f32f7ce3a8d8b69bfa') in 0.006683 seconds 
========================================================================
Received Import Request.
  Time since last request: 0.000071 seconds.
  path: Packages/com.unity.timeline/Editor/StyleSheets/Images/Shared/TimelineDisplay.png
  artifactKey: Guid(03ae22b9de3989144a9bebf8972b4fad) Importer(815301076,1909f56bfc062723c751e8b465ee728b)
Start importing Packages/com.unity.timeline/Editor/StyleSheets/Images/Shared/TimelineDisplay.png using Guid(03ae22b9de3989144a9bebf8972b4fad) Importer(815301076,1909f56bfc062723c751e8b465ee728b)  -> (artifact id: '3d54ebc54a4bb56a823479750e85ca67') in 0.006285 seconds 
========================================================================
Received Import Request.
  Time since last request: 0.000062 seconds.
  path: Packages/com.unity.timeline/Editor/StyleSheets/Images/Icons/TimelineDigIn.png
  artifactKey: Guid(b1d064d6d80829f4eb370f679384ea1f) Importer(815301076,1909f56bfc062723c751e8b465ee728b)
Start importing Packages/com.unity.timeline/Editor/StyleSheets/Images/Icons/TimelineDigIn.png using Guid(b1d064d6d80829f4eb370f679384ea1f) Importer(815301076,1909f56bfc062723c751e8b465ee728b)  -> (artifact id: '0ef75b9f29ae14ce72543a0d7a09e93d') in 0.009221 seconds 
========================================================================
Received Import Request.
  Time since last request: 0.029350 seconds.
  path: Packages/com.unity.timeline/Editor/StyleSheets/Images/Icons/TimelineEditModeMixOFF.png
  artifactKey: Guid(8fca5ed160cdc5440a4c7561db4082b2) Importer(815301076,1909f56bfc062723c751e8b465ee728b)
Start importing Packages/com.unity.timeline/Editor/StyleSheets/Images/Icons/TimelineEditModeMixOFF.png using Guid(8fca5ed160cdc5440a4c7561db4082b2) Importer(815301076,1909f56bfc062723c751e8b465ee728b)  -> (artifact id: '0c1134528d297bdea0dd2f84c44b83eb') in 0.012887 seconds 
========================================================================
Received Import Request.
  Time since last request: 0.000459 seconds.
  path: Packages/com.unity.timeline/Editor/StyleSheets/Images/Icons/TimelineEditModeRippleOFF.png
  artifactKey: Guid(bd7b7cac6eb0c3f469781d9a729a1c94) Importer(815301076,1909f56bfc062723c751e8b465ee728b)
Start importing Packages/com.unity.timeline/Editor/StyleSheets/Images/Icons/TimelineEditModeRippleOFF.png using Guid(bd7b7cac6eb0c3f469781d9a729a1c94) Importer(815301076,1909f56bfc062723c751e8b465ee728b)  -> (artifact id: '57893a4d7972fcfcf27b8c3df6f662ac') in 0.006441 seconds 
========================================================================
Received Import Request.
  Time since last request: 0.000063 seconds.
  path: Packages/com.unity.timeline/Editor/StyleSheets/Images/Icons/TimelineEditModeRippleON.png
  artifactKey: Guid(c5c1f094d9a9b3f4c9cc6c3a87af871c) Importer(815301076,1909f56bfc062723c751e8b465ee728b)
Start importing Packages/com.unity.timeline/Editor/StyleSheets/Images/Icons/TimelineEditModeRippleON.png using Guid(c5c1f094d9a9b3f4c9cc6c3a87af871c) Importer(815301076,1909f56bfc062723c751e8b465ee728b)  -> (artifact id: '6ac73df91f4016f04813c717a7aaaf89') in 0.005885 seconds 
========================================================================
Received Import Request.
  Time since last request: 0.007393 seconds.
  path: Packages/com.unity.timeline/Editor/StyleSheets/Images/LightSkin/TimelineEndPlayback.png
  artifactKey: Guid(6952cd3b0f88917449a8fa4d19fc5009) Importer(815301076,1909f56bfc062723c751e8b465ee728b)
Start importing Packages/com.unity.timeline/Editor/StyleSheets/Images/LightSkin/TimelineEndPlayback.png using Guid(6952cd3b0f88917449a8fa4d19fc5009) Importer(815301076,1909f56bfc062723c751e8b465ee728b)  -> (artifact id: 'ad77e9edb96b558fedd079b85b3fcd1a') in 0.005950 seconds 
========================================================================
Received Import Request.
  Time since last request: 0.000156 seconds.
  path: Packages/com.unity.timeline/Editor/StyleSheets/Images/Icons/TimelineHeaderMarkerIcon.png
  artifactKey: Guid(bf1debab21103154b99778ba6e074175) Importer(815301076,1909f56bfc062723c751e8b465ee728b)
Start importing Packages/com.unity.timeline/Editor/StyleSheets/Images/Icons/TimelineHeaderMarkerIcon.png using Guid(bf1debab21103154b99778ba6e074175) Importer(815301076,1909f56bfc062723c751e8b465ee728b)  -> (artifact id: '34d5279a3af3de3883022bb4255c56c2') in 0.007145 seconds 
========================================================================
Received Import Request.
  Time since last request: 0.000069 seconds.
  path: Packages/com.unity.timeline/Editor/StyleSheets/Images/DarkSkin/TimelineHold.png
  artifactKey: Guid(ddbd45249a133a846b2f20e39b537565) Importer(815301076,1909f56bfc062723c751e8b465ee728b)
Start importing Packages/com.unity.timeline/Editor/StyleSheets/Images/DarkSkin/TimelineHold.png using Guid(ddbd45249a133a846b2f20e39b537565) Importer(815301076,1909f56bfc062723c751e8b465ee728b)  -> (artifact id: '2121337b3b6fec98c76ea5e42978aec5') in 0.006636 seconds 
========================================================================
Received Import Request.
  Time since last request: 0.075605 seconds.
  path: Packages/com.unity.timeline/Editor/StyleSheets/Images/LightSkin/TimelineIconClipIn.png
  artifactKey: Guid(4171b549947246b4f9579419d5698a7e) Importer(815301076,1909f56bfc062723c751e8b465ee728b)
Start importing Packages/com.unity.timeline/Editor/StyleSheets/Images/LightSkin/TimelineIconClipIn.png using Guid(4171b549947246b4f9579419d5698a7e) Importer(815301076,1909f56bfc062723c751e8b465ee728b)  -> (artifact id: 'b0807180a684e718616cef3c4c93d680') in 0.006972 seconds 
========================================================================
Received Import Request.
  Time since last request: 0.000041 seconds.
  path: Packages/com.unity.timeline/Editor/StyleSheets/Images/LightSkin/TimelineInfiniteTrackNoShadow.png
  artifactKey: Guid(69ff79f863a32ad44a9497d4896d9d1c) Importer(815301076,1909f56bfc062723c751e8b465ee728b)
Start importing Packages/com.unity.timeline/Editor/StyleSheets/Images/LightSkin/TimelineInfiniteTrackNoShadow.png using Guid(69ff79f863a32ad44a9497d4896d9d1c) Importer(815301076,1909f56bfc062723c751e8b465ee728b)  -> (artifact id: '2075dc9c03af90823ffb62ef2412992f') in 0.006135 seconds 
========================================================================
Received Import Request.
  Time since last request: 0.000052 seconds.
  path: Packages/com.unity.timeline/Editor/StyleSheets/Images/LightSkin/TimelineIconClipOut.png
  artifactKey: Guid(a7a968b204ed77c4ba90be3ef3ee8551) Importer(815301076,1909f56bfc062723c751e8b465ee728b)
Start importing Packages/com.unity.timeline/Editor/StyleSheets/Images/LightSkin/TimelineIconClipOut.png using Guid(a7a968b204ed77c4ba90be3ef3ee8551) Importer(815301076,1909f56bfc062723c751e8b465ee728b)  -> (artifact id: '5380033a952e3a028b5f7a3e32dea033') in 0.006160 seconds 
========================================================================
Received Import Request.
  Time since last request: 2.435517 seconds.
  path: Packages/com.unity.timeline/Editor/StyleSheets/Images/DarkSkin/TimelineKeyframe.png
  artifactKey: Guid(8eba099eb091faf419fecdcd5cdabfd7) Importer(815301076,1909f56bfc062723c751e8b465ee728b)
Start importing Packages/com.unity.timeline/Editor/StyleSheets/Images/DarkSkin/TimelineKeyframe.png using Guid(8eba099eb091faf419fecdcd5cdabfd7) Importer(815301076,1909f56bfc062723c751e8b465ee728b)  -> (artifact id: '02e69cdf55acbf27dfa09866c5953630') in 0.007056 seconds 
========================================================================
Received Import Request.
  Time since last request: 0.000055 seconds.
  path: Packages/com.unity.timeline/Editor/StyleSheets/Images/LightSkin/TimelineMarkerItem.png
  artifactKey: Guid(24b97c67b63a23b48bea4036d28a5818) Importer(815301076,1909f56bfc062723c751e8b465ee728b)
Start importing Packages/com.unity.timeline/Editor/StyleSheets/Images/LightSkin/TimelineMarkerItem.png using Guid(24b97c67b63a23b48bea4036d28a5818) Importer(815301076,1909f56bfc062723c751e8b465ee728b)  -> (artifact id: '9a322bca4ffd3e6a66c6cfa035ef818b') in 0.005571 seconds 
========================================================================
Received Import Request.
  Time since last request: 0.000074 seconds.
  path: Packages/com.unity.timeline/Editor/StyleSheets/Images/LightSkin/TimelineLoop.png
  artifactKey: Guid(c7df1e797b21c774f9b859d17f674737) Importer(815301076,1909f56bfc062723c751e8b465ee728b)
Start importing Packages/com.unity.timeline/Editor/StyleSheets/Images/LightSkin/TimelineLoop.png using Guid(c7df1e797b21c774f9b859d17f674737) Importer(815301076,1909f56bfc062723c751e8b465ee728b)  -> (artifact id: 'd4460898d21864aaebb4bbf0935ceb89') in 0.011127 seconds 
========================================================================
Received Import Request.
  Time since last request: 0.143629 seconds.
  path: Packages/com.unity.timeline/Editor/StyleSheets/Images/DarkSkin/TimelineMarkerItemCollapsed.png
  artifactKey: Guid(f179d9a3cccffb04ba2e27f681e9b147) Importer(815301076,1909f56bfc062723c751e8b465ee728b)
Start importing Packages/com.unity.timeline/Editor/StyleSheets/Images/DarkSkin/TimelineMarkerItemCollapsed.png using Guid(f179d9a3cccffb04ba2e27f681e9b147) Importer(815301076,1909f56bfc062723c751e8b465ee728b)  -> (artifact id: '51d66a9a5690af976e4897c024b4fcfb') in 0.006865 seconds 
========================================================================
Received Import Request.
  Time since last request: 0.000047 seconds.
  path: Packages/com.unity.timeline/Editor/StyleSheets/Images/Shared/TimelineOutline.png
  artifactKey: Guid(829511f8e35bf3a40be037a1050f801c) Importer(815301076,1909f56bfc062723c751e8b465ee728b)
Start importing Packages/com.unity.timeline/Editor/StyleSheets/Images/Shared/TimelineOutline.png using Guid(829511f8e35bf3a40be037a1050f801c) Importer(815301076,1909f56bfc062723c751e8b465ee728b)  -> (artifact id: '20a15afb542f81a1629db948420b51ba') in 0.005971 seconds 
========================================================================
Received Import Request.
  Time since last request: 0.000099 seconds.
  path: Packages/com.unity.timeline/Editor/StyleSheets/Images/LightSkin/TimelinePingPong.png
  artifactKey: Guid(88d697f38121de443ba144702e5122d9) Importer(815301076,1909f56bfc062723c751e8b465ee728b)
Start importing Packages/com.unity.timeline/Editor/StyleSheets/Images/LightSkin/TimelinePingPong.png using Guid(88d697f38121de443ba144702e5122d9) Importer(815301076,1909f56bfc062723c751e8b465ee728b)  -> (artifact id: 'a1c8f07c795fc29618bb639a7ec53590') in 0.007152 seconds 
========================================================================
Received Import Request.
  Time since last request: 0.079264 seconds.
  path: Packages/com.unity.timeline/Editor/StyleSheets/Images/DarkSkin/TimelinePingPong.png
  artifactKey: Guid(d3b5c4f7d6b94f64085b3713bffa680e) Importer(815301076,1909f56bfc062723c751e8b465ee728b)
Start importing Packages/com.unity.timeline/Editor/StyleSheets/Images/DarkSkin/TimelinePingPong.png using Guid(d3b5c4f7d6b94f64085b3713bffa680e) Importer(815301076,1909f56bfc062723c751e8b465ee728b)  -> (artifact id: '2c36405399016e358f1876a5b8177925') in 0.006233 seconds 
========================================================================
Received Import Request.
  Time since last request: 0.000066 seconds.
  path: Packages/com.unity.timeline/Editor/StyleSheets/Images/Icons/TimelineSelector.png
  artifactKey: Guid(73f5ebb64da7b2a40ab6bffac80f1a61) Importer(815301076,1909f56bfc062723c751e8b465ee728b)
Start importing Packages/com.unity.timeline/Editor/StyleSheets/Images/Icons/TimelineSelector.png using Guid(73f5ebb64da7b2a40ab6bffac80f1a61) Importer(815301076,1909f56bfc062723c751e8b465ee728b)  -> (artifact id: 'f8e563dbc62ede0604aedee4561050b7') in 0.006150 seconds 
========================================================================
Received Import Request.
  Time since last request: 0.000073 seconds.
  path: Packages/com.unity.timeline/Editor/StyleSheets/Images/Shared/TimelineSeqEnd.png
  artifactKey: Guid(5dfe66e61e0d270468ae75349ff3a3eb) Importer(815301076,1909f56bfc062723c751e8b465ee728b)
Start importing Packages/com.unity.timeline/Editor/StyleSheets/Images/Shared/TimelineSeqEnd.png using Guid(5dfe66e61e0d270468ae75349ff3a3eb) Importer(815301076,1909f56bfc062723c751e8b465ee728b)  -> (artifact id: '3eb1d6f63d75d6dc20eaf8b7d87ff974') in 0.009389 seconds 
========================================================================
Received Import Request.
  Time since last request: 0.115588 seconds.
  path: Packages/com.unity.timeline/Editor/StyleSheets/Images/DarkSkin/TimelineSignalCollapsed.png
  artifactKey: Guid(d91793cd853a258448e4d5545bb38e45) Importer(815301076,1909f56bfc062723c751e8b465ee728b)
Start importing Packages/com.unity.timeline/Editor/StyleSheets/Images/DarkSkin/TimelineSignalCollapsed.png using Guid(d91793cd853a258448e4d5545bb38e45) Importer(815301076,1909f56bfc062723c751e8b465ee728b)  -> (artifact id: 'c4d79255c982862958578f55e2e73ed6') in 0.006553 seconds 
========================================================================
Received Import Request.
  Time since last request: 0.000099 seconds.
  path: Packages/com.unity.timeline/Editor/StyleSheets/Images/DarkSkin/TimelineSignalSelected.png
  artifactKey: Guid(a5e21f4e466690645980dd0cf0b664bc) Importer(815301076,1909f56bfc062723c751e8b465ee728b)
Start importing Packages/com.unity.timeline/Editor/StyleSheets/Images/DarkSkin/TimelineSignalSelected.png using Guid(a5e21f4e466690645980dd0cf0b664bc) Importer(815301076,1909f56bfc062723c751e8b465ee728b)  -> (artifact id: 'd69afe337e74b343a2a3b1cff5a47338') in 0.006168 seconds 
========================================================================
Received Import Request.
  Time since last request: 0.000061 seconds.
  path: Packages/com.unity.timeline/Editor/StyleSheets/Images/LightSkin/TimelineSignalSelected.png
  artifactKey: Guid(1a7852b1b33b816498b6af1e739f5995) Importer(815301076,1909f56bfc062723c751e8b465ee728b)
Start importing Packages/com.unity.timeline/Editor/StyleSheets/Images/LightSkin/TimelineSignalSelected.png using Guid(1a7852b1b33b816498b6af1e739f5995) Importer(815301076,1909f56bfc062723c751e8b465ee728b)  -> (artifact id: '22e40396bf5eb4c6c63909e643fe53ab') in 0.006215 seconds 
========================================================================
Received Import Request.
  Time since last request: 0.051731 seconds.
  path: Packages/com.unity.timeline/Editor/StyleSheets/Images/Shared/TimelineSwatch.png
  artifactKey: Guid(e50018fd67fc156459e4014bdad3f5f6) Importer(815301076,1909f56bfc062723c751e8b465ee728b)
Start importing Packages/com.unity.timeline/Editor/StyleSheets/Images/Shared/TimelineSwatch.png using Guid(e50018fd67fc156459e4014bdad3f5f6) Importer(815301076,1909f56bfc062723c751e8b465ee728b)  -> (artifact id: 'fede1aa316cf50f7291cc03b65cb237f') in 0.006639 seconds 
========================================================================
Received Import Request.
  Time since last request: 0.000069 seconds.
  path: Packages/com.unity.timeline/Editor/StyleSheets/Images/DarkSkin/TimelineTimeCursor.png
  artifactKey: Guid(3b9e9b3d9ade166499e7a17109ca73bf) Importer(815301076,1909f56bfc062723c751e8b465ee728b)
Start importing Packages/com.unity.timeline/Editor/StyleSheets/Images/DarkSkin/TimelineTimeCursor.png using Guid(3b9e9b3d9ade166499e7a17109ca73bf) Importer(815301076,1909f56bfc062723c751e8b465ee728b)  -> (artifact id: '61cf2ba4f85148be0f5f092721f25997') in 0.006678 seconds 
========================================================================
Received Import Request.
  Time since last request: 0.000068 seconds.
  path: Packages/com.unity.timeline/Editor/StyleSheets/Images/Shared/TimelineWarning.png
  artifactKey: Guid(1732e542f535d374bbfa7565fc78414e) Importer(815301076,1909f56bfc062723c751e8b465ee728b)
Start importing Packages/com.unity.timeline/Editor/StyleSheets/Images/Shared/TimelineWarning.png using Guid(1732e542f535d374bbfa7565fc78414e) Importer(815301076,1909f56bfc062723c751e8b465ee728b)  -> (artifact id: 'bfc02f2b24bad36490f86336c91724d1') in 0.008015 seconds 
========================================================================
Received Import Request.
  Time since last request: 0.052783 seconds.
  path: Packages/com.unity.timeline/Editor/StyleSheets/Images/Icons/TrackAvatarButtonDisabled.png
  artifactKey: Guid(54623075676bd504d93243fb18745161) Importer(815301076,1909f56bfc062723c751e8b465ee728b)
Start importing Packages/com.unity.timeline/Editor/StyleSheets/Images/Icons/TrackAvatarButtonDisabled.png using Guid(54623075676bd504d93243fb18745161) Importer(815301076,1909f56bfc062723c751e8b465ee728b)  -> (artifact id: '0c77c2d0091b889b4deb9875681d441b') in 0.006640 seconds 
========================================================================
Received Import Request.
  Time since last request: 0.000046 seconds.
  path: Packages/com.unity.timeline/Editor/StyleSheets/Images/Icons/TrackCurvesButtonDisabled@2x.png
  artifactKey: Guid(a383d8b1327c9254896ad76d6efaf357) Importer(815301076,1909f56bfc062723c751e8b465ee728b)
Start importing Packages/com.unity.timeline/Editor/StyleSheets/Images/Icons/TrackCurvesButtonDisabled@2x.png using Guid(a383d8b1327c9254896ad76d6efaf357) Importer(815301076,1909f56bfc062723c751e8b465ee728b)  -> (artifact id: '7ae57a4ce774129a18087d78452dd320') in 0.006181 seconds 
========================================================================
Received Import Request.
  Time since last request: 0.000069 seconds.
  path: Packages/com.unity.timeline/Editor/StyleSheets/Images/Icons/TrackCurvesButtonDisabled.png
  artifactKey: Guid(f0f8ff8921b22a74a8c79d955ace248d) Importer(815301076,1909f56bfc062723c751e8b465ee728b)
Start importing Packages/com.unity.timeline/Editor/StyleSheets/Images/Icons/TrackCurvesButtonDisabled.png using Guid(f0f8ff8921b22a74a8c79d955ace248d) Importer(815301076,1909f56bfc062723c751e8b465ee728b)  -> (artifact id: '547a9d2a784f12f12e476120438612e1') in 0.011184 seconds 
========================================================================
Received Import Request.
  Time since last request: 0.194406 seconds.
  path: Packages/com.unity.timeline/Editor/StyleSheets/Images/Icons/TrackCurvesButtonEnabled.png
  artifactKey: Guid(9589d5d9eb09dec43b2ad51af4e78b1e) Importer(815301076,1909f56bfc062723c751e8b465ee728b)
Start importing Packages/com.unity.timeline/Editor/StyleSheets/Images/Icons/TrackCurvesButtonEnabled.png using Guid(9589d5d9eb09dec43b2ad51af4e78b1e) Importer(815301076,1909f56bfc062723c751e8b465ee728b)  -> (artifact id: 'a64d91af3021b205005851f60eafa149') in 0.006656 seconds 
========================================================================
Received Import Request.
  Time since last request: 0.000060 seconds.
  path: Packages/com.unity.timeline/Editor/StyleSheets/Images/Icons/TrackLockButtonDisabled.png
  artifactKey: Guid(fef7487d8b06bba408f70354e2463ce4) Importer(815301076,1909f56bfc062723c751e8b465ee728b)
Start importing Packages/com.unity.timeline/Editor/StyleSheets/Images/Icons/TrackLockButtonDisabled.png using Guid(fef7487d8b06bba408f70354e2463ce4) Importer(815301076,1909f56bfc062723c751e8b465ee728b)  -> (artifact id: '04ce3f1accd5058e14292c7edec350dd') in 0.006058 seconds 
========================================================================
Received Import Request.
  Time since last request: 0.000071 seconds.
  path: Packages/com.unity.timeline/Editor/StyleSheets/Images/Icons/TrackLockButtonEnabled@2x.png
  artifactKey: Guid(b8c531b4e51e4994a81837c4e9b0d649) Importer(815301076,1909f56bfc062723c751e8b465ee728b)
Start importing Packages/com.unity.timeline/Editor/StyleSheets/Images/Icons/TrackLockButtonEnabled@2x.png using Guid(b8c531b4e51e4994a81837c4e9b0d649) Importer(815301076,1909f56bfc062723c751e8b465ee728b)  -> (artifact id: '7df575dfa138a47dfabae8bc15fa50dd') in 0.009540 seconds 
========================================================================
Received Import Request.
  Time since last request: 0.064000 seconds.
  path: Packages/com.unity.timeline/Editor/StyleSheets/Images/Icons/TrackMarkerButtonDisabled.png
  artifactKey: Guid(33a52b41b4de5874ca7da1da32067e39) Importer(815301076,1909f56bfc062723c751e8b465ee728b)
Start importing Packages/com.unity.timeline/Editor/StyleSheets/Images/Icons/TrackMarkerButtonDisabled.png using Guid(33a52b41b4de5874ca7da1da32067e39) Importer(815301076,1909f56bfc062723c751e8b465ee728b)  -> (artifact id: '082e143aa5e879e02e46b66a98d9dcb4') in 0.006614 seconds 
========================================================================
Received Import Request.
  Time since last request: 0.000045 seconds.
  path: Packages/com.unity.timeline/Editor/StyleSheets/Images/Icons/TrackMuteButtonDisabled.png
  artifactKey: Guid(5216b1b48296ef345ad2d2ec43105bf0) Importer(815301076,1909f56bfc062723c751e8b465ee728b)
Start importing Packages/com.unity.timeline/Editor/StyleSheets/Images/Icons/TrackMuteButtonDisabled.png using Guid(5216b1b48296ef345ad2d2ec43105bf0) Importer(815301076,1909f56bfc062723c751e8b465ee728b)  -> (artifact id: '7c099ad04850522835642eb281374a22') in 0.006230 seconds 
========================================================================
Received Import Request.
  Time since last request: 0.000058 seconds.
  path: Packages/com.unity.timeline/Editor/StyleSheets/Images/Icons/TrackMarkerButtonEnabled.png
  artifactKey: Guid(d1eccbb425fdacc4ba53ce4223f4ea30) Importer(815301076,1909f56bfc062723c751e8b465ee728b)
Start importing Packages/com.unity.timeline/Editor/StyleSheets/Images/Icons/TrackMarkerButtonEnabled.png using Guid(d1eccbb425fdacc4ba53ce4223f4ea30) Importer(815301076,1909f56bfc062723c751e8b465ee728b)  -> (artifact id: 'd3859c19a8002f92f2d8ffd82fa35993') in 0.005756 seconds 
========================================================================
Received Import Request.
  Time since last request: 0.006317 seconds.
  path: Packages/com.unity.timeline/Editor/StyleSheets/Images/Icons/TrackMuteButtonEnabled.png
  artifactKey: Guid(81e8b4a4bcbf7a14898e2658fd827642) Importer(815301076,1909f56bfc062723c751e8b465ee728b)
Start importing Packages/com.unity.timeline/Editor/StyleSheets/Images/Icons/TrackMuteButtonEnabled.png using Guid(81e8b4a4bcbf7a14898e2658fd827642) Importer(815301076,1909f56bfc062723c751e8b465ee728b)  -> (artifact id: '1ba52d563df5925dd8e1527b6af2b86f') in 0.006418 seconds 
========================================================================
Received Import Request.
  Time since last request: 0.000053 seconds.
  path: Packages/com.unity.timeline/Editor/StyleSheets/Images/Icons/TrackRecordButtonDisabled.png
  artifactKey: Guid(495998c718a094540bbe57ae5ab07647) Importer(815301076,1909f56bfc062723c751e8b465ee728b)
Start importing Packages/com.unity.timeline/Editor/StyleSheets/Images/Icons/TrackRecordButtonDisabled.png using Guid(495998c718a094540bbe57ae5ab07647) Importer(815301076,1909f56bfc062723c751e8b465ee728b)  -> (artifact id: 'd0d7cbb8c50094686af2cacf23b1ae0d') in 0.006595 seconds 
========================================================================
Received Import Request.
  Time since last request: 0.000048 seconds.
  path: Packages/com.unity.timeline/Editor/StyleSheets/Images/Icons/TrackRecordButtonDisabled@2x.png
  artifactKey: Guid(6091f9516d23100479c03bca26138bc8) Importer(815301076,1909f56bfc062723c751e8b465ee728b)
Start importing Packages/com.unity.timeline/Editor/StyleSheets/Images/Icons/TrackRecordButtonDisabled@2x.png using Guid(6091f9516d23100479c03bca26138bc8) Importer(815301076,1909f56bfc062723c751e8b465ee728b)  -> (artifact id: '012b90d463bc24d47c7ad18aa1cf99dc') in 0.006026 seconds 
========================================================================
Received Import Request.
  Time since last request: 0.090778 seconds.
  path: Assets/Models/treeMaterials/tree-branch-transparent-png.png
  artifactKey: Guid(4820cdf6fdf9c4757997d894ea693df1) Importer(815301076,1909f56bfc062723c751e8b465ee728b)
Start importing Assets/Models/treeMaterials/tree-branch-transparent-png.png using Guid(4820cdf6fdf9c4757997d894ea693df1) Importer(815301076,1909f56bfc062723c751e8b465ee728b)  -> (artifact id: 'f10d64158c99cd54d2c78b89b2b9f02f') in 0.006696 seconds 
========================================================================
Received Import Request.
  Time since last request: 0.000048 seconds.
  path: Packages/com.unity.collab-proxy/Editor/Collaborate/Assets/Icons/undo-light.png
  artifactKey: Guid(48a8d899ebcc4e84db1a2ffd2bb4e9e8) Importer(815301076,1909f56bfc062723c751e8b465ee728b)
Start importing Packages/com.unity.collab-proxy/Editor/Collaborate/Assets/Icons/undo-light.png using Guid(48a8d899ebcc4e84db1a2ffd2bb4e9e8) Importer(815301076,1909f56bfc062723c751e8b465ee728b)  -> (artifact id: '4adaabd4d51a99688d9295536db330d7') in 0.005888 seconds 
========================================================================
Received Import Request.
  Time since last request: 0.000080 seconds.
  path: Packages/com.unity.collab-proxy/Editor/Collaborate/Assets/Icons/undo-dark@2x.png
  artifactKey: Guid(9af18154bd2effd4f813d58651798b5d) Importer(815301076,1909f56bfc062723c751e8b465ee728b)
Start importing Packages/com.unity.collab-proxy/Editor/Collaborate/Assets/Icons/undo-dark@2x.png using Guid(9af18154bd2effd4f813d58651798b5d) Importer(815301076,1909f56bfc062723c751e8b465ee728b)  -> (artifact id: '75c26d0242ee5fee71ad94fce7ffac78') in 0.010231 seconds 
========================================================================
Received Import Request.
  Time since last request: 13.325708 seconds.
  path: Assets/CandyFantasyworld/Materials/LollipopGreen.mat
  artifactKey: Guid(3181bb7e6e82d4fc4a86cf8976c451bc) Importer(815301076,1909f56bfc062723c751e8b465ee728b)
Start importing Assets/CandyFantasyworld/Materials/LollipopGreen.mat using Guid(3181bb7e6e82d4fc4a86cf8976c451bc) Importer(815301076,1909f56bfc062723c751e8b465ee728b)  -> (artifact id: '8493a0139c944842bfc569545aa9cdd0') in 0.007636 seconds 
========================================================================
Received Import Request.
  Time since last request: 4.564599 seconds.
  path: Assets/CandyFantasyworld/Materials/LollipopPink.mat
  artifactKey: Guid(8e3b43eae270e403fabf73e77eca06e7) Importer(815301076,1909f56bfc062723c751e8b465ee728b)
Start importing Assets/CandyFantasyworld/Materials/LollipopPink.mat using Guid(8e3b43eae270e403fabf73e77eca06e7) Importer(815301076,1909f56bfc062723c751e8b465ee728b)  -> (artifact id: '2521fd69a9cb1c1273f79c7db5065bf3') in 0.008116 seconds 
========================================================================
Received Import Request.
  Time since last request: 13.022429 seconds.
  path: Assets/CandyFantasyworld/Materials/LollipopOrange.mat
  artifactKey: Guid(ef9c8f66e59734fe48e0dbee058b19c3) Importer(815301076,1909f56bfc062723c751e8b465ee728b)
Start importing Assets/CandyFantasyworld/Materials/LollipopOrange.mat using Guid(ef9c8f66e59734fe48e0dbee058b19c3) Importer(815301076,1909f56bfc062723c751e8b465ee728b)  -> (artifact id: 'fa97ff5f8f0d12bfd9eb8cde514d6b59') in 0.007678 seconds 
========================================================================
Received Import Request.
  Time since last request: 29.521234 seconds.
  path: Assets/CandyFantasyworld/Materials/LollipopGreen.mat
  artifactKey: Guid(3181bb7e6e82d4fc4a86cf8976c451bc) Importer(815301076,1909f56bfc062723c751e8b465ee728b)
Start importing Assets/CandyFantasyworld/Materials/LollipopGreen.mat using Guid(3181bb7e6e82d4fc4a86cf8976c451bc) Importer(815301076,1909f56bfc062723c751e8b465ee728b)  -> (artifact id: '2043e40185b7884626ef74fc08318bf5') in 0.008630 seconds 
========================================================================
Received Import Request.
  Time since last request: 177.452390 seconds.
  path: Assets/Materials/WitchHutMaterials/fireplace.mat
  artifactKey: Guid(2379fd09e822a4b70abb9d6d969662da) Importer(815301076,1909f56bfc062723c751e8b465ee728b)
Start importing Assets/Materials/WitchHutMaterials/fireplace.mat using Guid(2379fd09e822a4b70abb9d6d969662da) Importer(815301076,1909f56bfc062723c751e8b465ee728b)  -> (artifact id: 'b43e058417dee08417bdc46859f7276a') in 0.008958 seconds 
========================================================================
Received Import Request.
  Time since last request: 0.000267 seconds.
  path: Assets/Models/treeMaterials/treeLeaf.mat
  artifactKey: Guid(0f93cf758fb2f41c6a0a72e95a47eedb) Importer(815301076,1909f56bfc062723c751e8b465ee728b)
Start importing Assets/Models/treeMaterials/treeLeaf.mat using Guid(0f93cf758fb2f41c6a0a72e95a47eedb) Importer(815301076,1909f56bfc062723c751e8b465ee728b)  -> (artifact id: 'cfe68fa61be4800dc2ebeb311588c57c') in 0.033115 seconds 
========================================================================
Received Import Request.
  Time since last request: 0.000055 seconds.
  path: Assets/Materials/WitchHutMaterials/icing.mat
  artifactKey: Guid(56603d8956c11426a878308cc23ca773) Importer(815301076,1909f56bfc062723c751e8b465ee728b)
Start importing Assets/Materials/WitchHutMaterials/icing.mat using Guid(56603d8956c11426a878308cc23ca773) Importer(815301076,1909f56bfc062723c751e8b465ee728b)  -> (artifact id: '0f849c97e6f7904434420c7460346e84') in 0.007257 seconds 
========================================================================
Received Import Request.
  Time since last request: 26.711737 seconds.
  path: Assets/CandyFantasyworld/Materials/CandyTree.mat
  artifactKey: Guid(40d98124f55284691abb44b9ade94e8f) Importer(815301076,1909f56bfc062723c751e8b465ee728b)
Start importing Assets/CandyFantasyworld/Materials/CandyTree.mat using Guid(40d98124f55284691abb44b9ade94e8f) Importer(815301076,1909f56bfc062723c751e8b465ee728b)  -> (artifact id: 'd70d443a40eae729288b3324f2433d8b') in 0.007757 seconds 
========================================================================
Received Import Request.
  Time since last request: 166.287672 seconds.
  path: Assets/CandyFantasyworld/Materials/CandyTree.mat
  artifactKey: Guid(40d98124f55284691abb44b9ade94e8f) Importer(815301076,1909f56bfc062723c751e8b465ee728b)
Start importing Assets/CandyFantasyworld/Materials/CandyTree.mat using Guid(40d98124f55284691abb44b9ade94e8f) Importer(815301076,1909f56bfc062723c751e8b465ee728b)  -> (artifact id: '16d68e1a0e549ccd479662a29d269f89') in 0.007817 seconds 
AssetImportWorkerClient::OnTransportError - code=2 error=End of file
