Unity Editor version:    2021.3.11f1 (0a5ca18544bf)
Branch:                  2021.3/staging
Build type:              Release
Batch mode:              YES
macOS version:           Version 13.0.1 (Build 22A400)
Darwin version:          22.1.0
Architecture:            x86_64
Running under Rosetta:   YES
Available memory:        16384 MB
Using pre-set license
Pro License: YES

COMMAND LINE ARGUMENTS:
/Applications/Unity/Hub/Editor/2021.3.11f1/Unity.app/Contents/MacOS/Unity
-adb2
-batchMode
-noUpm
-name
AssetImportWorker0
-projectPath
/Users/maddalendemars/Documents/GitHub/2730final/2730 Final Project
-logFile
Logs/AssetImportWorker0.log
-srvPort
55125
Successfully changed project path to: /Users/maddalendemars/Documents/GitHub/2730final/2730 Final Project
/Users/maddalendemars/Documents/GitHub/2730final/2730 Final Project
[UnityMemory] Configuration Parameters - Can be set up in boot.config
    "memorysetup-bucket-allocator-granularity=16"
    "memorysetup-bucket-allocator-bucket-count=8"
    "memorysetup-bucket-allocator-block-size=33554432"
    "memorysetup-bucket-allocator-block-count=8"
    "memorysetup-main-allocator-block-size=16777216"
    "memorysetup-thread-allocator-block-size=16777216"
    "memorysetup-gfx-main-allocator-block-size=16777216"
    "memorysetup-gfx-thread-allocator-block-size=16777216"
    "memorysetup-cache-allocator-block-size=4194304"
    "memorysetup-typetree-allocator-block-size=2097152"
    "memorysetup-profiler-bucket-allocator-granularity=16"
    "memorysetup-profiler-bucket-allocator-bucket-count=8"
    "memorysetup-profiler-bucket-allocator-block-size=33554432"
    "memorysetup-profiler-bucket-allocator-block-count=8"
    "memorysetup-profiler-allocator-block-size=16777216"
    "memorysetup-profiler-editor-allocator-block-size=1048576"
    "memorysetup-temp-allocator-size-main=16777216"
    "memorysetup-job-temp-allocator-block-size=2097152"
    "memorysetup-job-temp-allocator-block-size-background=1048576"
    "memorysetup-job-temp-allocator-reduction-small-platforms=262144"
    "memorysetup-temp-allocator-size-background-worker=32768"
    "memorysetup-temp-allocator-size-job-worker=262144"
    "memorysetup-temp-allocator-size-preload-manager=33554432"
    "memorysetup-temp-allocator-size-nav-mesh-worker=65536"
    "memorysetup-temp-allocator-size-audio-worker=65536"
    "memorysetup-temp-allocator-size-cloud-worker=32768"
    "memorysetup-temp-allocator-size-gi-baking-worker=262144"
    "memorysetup-temp-allocator-size-gfx=262144"
Refreshing native plugins compatible for Editor in 106.45 ms, found 2 plugins.
Preloading 0 native plugins for Editor in 0.00 ms.
Initialize engine version: 2021.3.11f1 (0a5ca18544bf)
[Subsystems] Discovering subsystems at path /Applications/Unity/Hub/Editor/2021.3.11f1/Unity.app/Contents/Resources/UnitySubsystems
[Subsystems] Discovering subsystems at path /Users/maddalendemars/Documents/GitHub/2730final/2730 Final Project/Assets
GfxDevice: creating device client; threaded=0; jobified=0
 preferred device: Apple M1 (high power)
Metal devices available: 1
0: Apple M1 (high power)
Using device Apple M1 (high power)
Initializing Metal device caps: Apple M1
Initialize mono
Mono path[0] = '/Applications/Unity/Hub/Editor/2021.3.11f1/Unity.app/Contents/Managed'
Mono path[1] = '/Applications/Unity/Hub/Editor/2021.3.11f1/Unity.app/Contents/MonoBleedingEdge/lib/mono/unityjit-macos'
Mono config path = '/Applications/Unity/Hub/Editor/2021.3.11f1/Unity.app/Contents/MonoBleedingEdge/etc'
Using monoOptions --debugger-agent=transport=dt_socket,embedding=1,server=y,suspend=n,address=127.0.0.1:56337
Begin MonoManager ReloadAssembly
Registering precompiled unity dll's ...
Register platform support module: /Applications/Unity/Hub/Editor/2021.3.11f1/PlaybackEngines/WebGLSupport/UnityEditor.WebGL.Extensions.dll
Register platform support module: /Applications/Unity/Hub/Editor/2021.3.11f1/Unity.app/Contents/PlaybackEngines/MacStandaloneSupport/UnityEditor.OSXStandalone.Extensions.dll
Register platform support module: /Applications/Unity/Hub/Editor/2021.3.11f1/PlaybackEngines/WindowsStandaloneSupport/UnityEditor.WindowsStandalone.Extensions.dll
Registered in 0.001183 seconds.
Native extension for WindowsStandalone target not found
Native extension for OSXStandalone target not found
Native extension for WebGL target not found
Refreshing native plugins compatible for Editor in 101.84 ms, found 2 plugins.
Preloading 0 native plugins for Editor in 0.00 ms.
Mono: successfully reloaded assembly
- Completed reload, in  1.385 seconds
Domain Reload Profiling:
	ReloadAssembly (1386ms)
		BeginReloadAssembly (136ms)
			ExecutionOrderSort (0ms)
			DisableScriptedObjects (0ms)
			BackupInstance (0ms)
			ReleaseScriptingObjects (0ms)
			CreateAndSetChildDomain (3ms)
		EndReloadAssembly (1031ms)
			LoadAssemblies (133ms)
			RebuildTransferFunctionScriptingTraits (0ms)
			SetupTypeCache (110ms)
			ReleaseScriptCaches (0ms)
			RebuildScriptCaches (36ms)
			SetupLoadedEditorAssemblies (745ms)
				LogAssemblyErrors (0ms)
				InitializePlatformSupportModulesInManaged (24ms)
				SetLoadedEditorAssemblies (0ms)
				RefreshPlugins (102ms)
				BeforeProcessingInitializeOnLoad (4ms)
				ProcessInitializeOnLoadAttributes (456ms)
				ProcessInitializeOnLoadMethodAttributes (159ms)
				AfterProcessingInitializeOnLoad (0ms)
				EditorAssembliesLoaded (0ms)
			ExecutionOrderSort2 (0ms)
			AwakeInstancesAfterBackupRestoration (0ms)
Platform modules already initialized, skipping
Registering precompiled user dll's ...
Registered in 0.003352 seconds.
Begin MonoManager ReloadAssembly
Symbol file LoadedFromMemory doesn't match image /Users/maddalendemars/Documents/GitHub/2730final/2730 Final Project/Library/PackageCache/com.unity.visualscripting@1.7.8/Editor/VisualScripting.Core/Dependencies/YamlDotNet/Unity.VisualScripting.YamlDotNet.dll
Symbol file LoadedFromMemory doesn't match image /Users/maddalendemars/Documents/GitHub/2730final/2730 Final Project/Library/PackageCache/com.unity.visualscripting@1.7.8/Editor/VisualScripting.Core/Dependencies/DotNetZip/Unity.VisualScripting.IonicZip.dll
Native extension for WindowsStandalone target not found
Native extension for OSXStandalone target not found
Native extension for WebGL target not found
Refreshing native plugins compatible for Editor in 97.90 ms, found 2 plugins.
Preloading 0 native plugins for Editor in 0.00 ms.
Mono: successfully reloaded assembly
- Completed reload, in  2.500 seconds
Domain Reload Profiling:
	ReloadAssembly (2502ms)
		BeginReloadAssembly (205ms)
			ExecutionOrderSort (0ms)
			DisableScriptedObjects (40ms)
			BackupInstance (0ms)
			ReleaseScriptingObjects (0ms)
			CreateAndSetChildDomain (17ms)
		EndReloadAssembly (2038ms)
			LoadAssemblies (123ms)
			RebuildTransferFunctionScriptingTraits (0ms)
			SetupTypeCache (272ms)
			ReleaseScriptCaches (1ms)
			RebuildScriptCaches (62ms)
			SetupLoadedEditorAssemblies (1398ms)
				LogAssemblyErrors (0ms)
				InitializePlatformSupportModulesInManaged (17ms)
				SetLoadedEditorAssemblies (0ms)
				RefreshPlugins (98ms)
				BeforeProcessingInitializeOnLoad (131ms)
				ProcessInitializeOnLoadAttributes (1046ms)
				ProcessInitializeOnLoadMethodAttributes (105ms)
				AfterProcessingInitializeOnLoad (1ms)
				EditorAssembliesLoaded (0ms)
			ExecutionOrderSort2 (0ms)
			AwakeInstancesAfterBackupRestoration (9ms)
Platform modules already initialized, skipping
========================================================================
Worker process is ready to serve import requests
Launching external process: /Applications/Unity/Hub/Editor/2021.3.11f1/Unity.app/Contents/Tools/UnityShaderCompiler
Launched and connected shader compiler UnityShaderCompiler after 0.09 seconds
Refreshing native plugins compatible for Editor in 0.72 ms, found 2 plugins.
Preloading 0 native plugins for Editor in 0.00 ms.
Unloading 3907 Unused Serialized files (Serialized files now loaded: 0)
Unloading 42 unused Assets / (116.8 KB). Loaded Objects now: 4395.
Memory consumption went from 215.4 MB to 215.3 MB.
Total: 3.461583 ms (FindLiveObjects: 0.255458 ms CreateObjectMapping: 0.106958 ms MarkObjects: 2.954667 ms  DeleteObjects: 0.143375 ms)

AssetImportParameters requested are different than current active one (requested -> active):
  custom:video-decoder-ogg-theora: a1e56fd34408186e4bbccfd4996cb3dc -> 
  custom:container-muxer-webm: aa71ff27fc2769a1b78a27578f13a17b -> 
  custom:container-demuxer-webm: 4f35f7cbe854078d1ac9338744f61a02 -> 
  custom:video-encoder-webm-vp8: eb34c28f22e8b96e1ab97ce403110664 -> 
  custom:framework-osx-AVFoundation: e770b220cccbd017edd2c1fefb359320 -> 
  custom:audio-encoder-webm-vorbis: bf7c407c2cedff20999df2af8eb42d56 -> 
  custom:container-demuxer-ogg: 62fdf1f143b41e24485cea50d1cbac27 -> 
  custom:video-decoder-webm-vp8: 9c59270c3fd7afecdb556c50c9e8de78 -> 
  custom:audio-decoder-ogg-vorbis: bf7c407c2cedff20999df2af8eb42d56 -> 
========================================================================
Received Import Request.
  Time since last request: 60730.661077 seconds.
  path: Assets/Sounds/VO_new/VO_Ending_2.mp3
  artifactKey: Guid(ed1c5004629fc4d1e94c6f98ebe94050) Importer(815301076,1909f56bfc062723c751e8b465ee728b)
Start importing Assets/Sounds/VO_new/VO_Ending_2.mp3 using Guid(ed1c5004629fc4d1e94c6f98ebe94050) Importer(815301076,1909f56bfc062723c751e8b465ee728b)  -> (artifact id: 'dea9c0ad1885d0d1b2a818f62e64043d') in 0.670386 seconds 
========================================================================
Received Import Request.
  Time since last request: 0.000223 seconds.
  path: Assets/Sounds/VO_new/VO_PlotClue_4a.mp3
  artifactKey: Guid(9c990a930e5ac42529136f54105d72da) Importer(815301076,1909f56bfc062723c751e8b465ee728b)
Start importing Assets/Sounds/VO_new/VO_PlotClue_4a.mp3 using Guid(9c990a930e5ac42529136f54105d72da) Importer(815301076,1909f56bfc062723c751e8b465ee728b)  -> (artifact id: '1406f917a5212da876cea48e17b26076') in 0.011372 seconds 
========================================================================
Received Import Request.
  Time since last request: 0.000128 seconds.
  path: Assets/Sounds/VO_new/VO_Ending_1.mp3
  artifactKey: Guid(bd4a8d8eedab946288fd6ebe37fd4a60) Importer(815301076,1909f56bfc062723c751e8b465ee728b)
Start importing Assets/Sounds/VO_new/VO_Ending_1.mp3 using Guid(bd4a8d8eedab946288fd6ebe37fd4a60) Importer(815301076,1909f56bfc062723c751e8b465ee728b)  -> (artifact id: '166813f5c938c1b2a3be6813b572caf6') in 0.006641 seconds 
========================================================================
Received Import Request.
  Time since last request: 0.000083 seconds.
  path: Assets/Sounds/VO_new/VO_PlotClue_1b.mp3
  artifactKey: Guid(4537eff5c46934b57ac0e9db947a08c9) Importer(815301076,1909f56bfc062723c751e8b465ee728b)
Start importing Assets/Sounds/VO_new/VO_PlotClue_1b.mp3 using Guid(4537eff5c46934b57ac0e9db947a08c9) Importer(815301076,1909f56bfc062723c751e8b465ee728b)  -> (artifact id: '7ad51ec1e7cfd6b955645c6555cf248c') in 0.006381 seconds 
========================================================================
Received Import Request.
  Time since last request: 0.000065 seconds.
  path: Assets/Sounds/VO_new/VO_Ending_3.mp3
  artifactKey: Guid(6b043405793d24711881776e37ffb2f0) Importer(815301076,1909f56bfc062723c751e8b465ee728b)
Start importing Assets/Sounds/VO_new/VO_Ending_3.mp3 using Guid(6b043405793d24711881776e37ffb2f0) Importer(815301076,1909f56bfc062723c751e8b465ee728b)  -> (artifact id: 'd673cd05fbdb6a9a2e1bbac898298419') in 0.006152 seconds 
========================================================================
Received Import Request.
  Time since last request: 0.002794 seconds.
  path: Assets/Sounds/VO_new/VO_Forest_2.mp3
  artifactKey: Guid(4c4f94817ee6e42be91eba020409883b) Importer(815301076,1909f56bfc062723c751e8b465ee728b)
Start importing Assets/Sounds/VO_new/VO_Forest_2.mp3 using Guid(4c4f94817ee6e42be91eba020409883b) Importer(815301076,1909f56bfc062723c751e8b465ee728b)  -> (artifact id: 'dce74d7cfdc0f4a4f4b7dd45a900f87f') in 0.006777 seconds 
========================================================================
Received Import Request.
  Time since last request: 0.000123 seconds.
  path: Assets/Sounds/VO_new/VO_Recipe.mp3
  artifactKey: Guid(93798ef5d80874caa91064effaaad637) Importer(815301076,1909f56bfc062723c751e8b465ee728b)
Start importing Assets/Sounds/VO_new/VO_Recipe.mp3 using Guid(93798ef5d80874caa91064effaaad637) Importer(815301076,1909f56bfc062723c751e8b465ee728b)  -> (artifact id: '361a55389b9ddc5de2ae54b639bb32ee') in 0.006407 seconds 
========================================================================
Received Import Request.
  Time since last request: 0.000087 seconds.
  path: Assets/Sounds/VO_new/VO_PlotClue_3.mp3
  artifactKey: Guid(ac02f9994e5804620b311cf6f935cf26) Importer(815301076,1909f56bfc062723c751e8b465ee728b)
Start importing Assets/Sounds/VO_new/VO_PlotClue_3.mp3 using Guid(ac02f9994e5804620b311cf6f935cf26) Importer(815301076,1909f56bfc062723c751e8b465ee728b)  -> (artifact id: '783f5c4b874365a68b412f24727592d5') in 0.006704 seconds 
========================================================================
Received Import Request.
  Time since last request: 0.000073 seconds.
  path: Assets/Sounds/VO_new/VO_PlotClue_2b.mp3
  artifactKey: Guid(20cd3e253d2cb4a6db7e4b8df19ffe69) Importer(815301076,1909f56bfc062723c751e8b465ee728b)
Start importing Assets/Sounds/VO_new/VO_PlotClue_2b.mp3 using Guid(20cd3e253d2cb4a6db7e4b8df19ffe69) Importer(815301076,1909f56bfc062723c751e8b465ee728b)  -> (artifact id: 'c59a4a0e130798b84eb7b9ddb452f652') in 0.006656 seconds 
========================================================================
Received Import Request.
  Time since last request: 0.000097 seconds.
  path: Assets/Sounds/VO_new/VO_Intro_1.mp3
  artifactKey: Guid(5362c7cf2f4ef499f9f00d2db4c7f9cd) Importer(815301076,1909f56bfc062723c751e8b465ee728b)
Start importing Assets/Sounds/VO_new/VO_Intro_1.mp3 using Guid(5362c7cf2f4ef499f9f00d2db4c7f9cd) Importer(815301076,1909f56bfc062723c751e8b465ee728b)  -> (artifact id: 'c7cea44661ecaef4bc27b40f4e17e29a') in 0.007569 seconds 
========================================================================
Received Import Request.
  Time since last request: 0.000093 seconds.
  path: Assets/Sounds/VO_new/VO_Cauldron.mp3
  artifactKey: Guid(a482d84b8414740dbb1d99ce3b1da2ca) Importer(815301076,1909f56bfc062723c751e8b465ee728b)
Start importing Assets/Sounds/VO_new/VO_Cauldron.mp3 using Guid(a482d84b8414740dbb1d99ce3b1da2ca) Importer(815301076,1909f56bfc062723c751e8b465ee728b)  -> (artifact id: 'ba2b7e7d3af6a9f3521dd63eef2f6161') in 0.007646 seconds 
========================================================================
Received Prepare
Registering precompiled user dll's ...
Registered in 0.002798 seconds.
Begin MonoManager ReloadAssembly
Symbol file LoadedFromMemory doesn't match image /Users/maddalendemars/Documents/GitHub/2730final/2730 Final Project/Library/PackageCache/com.unity.visualscripting@1.7.8/Editor/VisualScripting.Core/Dependencies/YamlDotNet/Unity.VisualScripting.YamlDotNet.dll
Symbol file LoadedFromMemory doesn't match image /Users/maddalendemars/Documents/GitHub/2730final/2730 Final Project/Library/PackageCache/com.unity.visualscripting@1.7.8/Editor/VisualScripting.Core/Dependencies/DotNetZip/Unity.VisualScripting.IonicZip.dll
Native extension for WindowsStandalone target not found
Native extension for OSXStandalone target not found
Native extension for WebGL target not found
Refreshing native plugins compatible for Editor in 0.72 ms, found 2 plugins.
Preloading 0 native plugins for Editor in 0.00 ms.
Mono: successfully reloaded assembly
- Completed reload, in  2.488 seconds
Domain Reload Profiling:
	ReloadAssembly (2490ms)
		BeginReloadAssembly (274ms)
			ExecutionOrderSort (0ms)
			DisableScriptedObjects (33ms)
			BackupInstance (0ms)
			ReleaseScriptingObjects (0ms)
			CreateAndSetChildDomain (74ms)
		EndReloadAssembly (2001ms)
			LoadAssemblies (124ms)
			RebuildTransferFunctionScriptingTraits (0ms)
			SetupTypeCache (279ms)
			ReleaseScriptCaches (1ms)
			RebuildScriptCaches (46ms)
			SetupLoadedEditorAssemblies (1379ms)
				LogAssemblyErrors (0ms)
				InitializePlatformSupportModulesInManaged (34ms)
				SetLoadedEditorAssemblies (1ms)
				RefreshPlugins (1ms)
				BeforeProcessingInitializeOnLoad (98ms)
				ProcessInitializeOnLoadAttributes (1092ms)
				ProcessInitializeOnLoadMethodAttributes (151ms)
				AfterProcessingInitializeOnLoad (2ms)
				EditorAssembliesLoaded (0ms)
			ExecutionOrderSort2 (0ms)
			AwakeInstancesAfterBackupRestoration (10ms)
Platform modules already initialized, skipping
Refreshing native plugins compatible for Editor in 2.26 ms, found 2 plugins.
Preloading 0 native plugins for Editor in 0.00 ms.
Unloading 3897 Unused Serialized files (Serialized files now loaded: 0)
Unloading 21 unused Assets / (94.5 KB). Loaded Objects now: 4420.
Memory consumption went from 297.4 MB to 297.3 MB.
Total: 3.825167 ms (FindLiveObjects: 0.395208 ms CreateObjectMapping: 0.109750 ms MarkObjects: 3.271042 ms  DeleteObjects: 0.048125 ms)

AssetImportParameters requested are different than current active one (requested -> active):
  custom:video-decoder-ogg-theora: a1e56fd34408186e4bbccfd4996cb3dc -> 
  custom:container-muxer-webm: aa71ff27fc2769a1b78a27578f13a17b -> 
  custom:container-demuxer-webm: 4f35f7cbe854078d1ac9338744f61a02 -> 
  custom:video-encoder-webm-vp8: eb34c28f22e8b96e1ab97ce403110664 -> 
  custom:framework-osx-AVFoundation: e770b220cccbd017edd2c1fefb359320 -> 
  custom:audio-encoder-webm-vorbis: bf7c407c2cedff20999df2af8eb42d56 -> 
  custom:container-demuxer-ogg: 62fdf1f143b41e24485cea50d1cbac27 -> 
  custom:video-decoder-webm-vp8: 9c59270c3fd7afecdb556c50c9e8de78 -> 
  custom:audio-decoder-ogg-vorbis: bf7c407c2cedff20999df2af8eb42d56 -> 
========================================================================
Received Prepare
Registering precompiled user dll's ...
Registered in 0.003054 seconds.
Begin MonoManager ReloadAssembly
Symbol file LoadedFromMemory doesn't match image /Users/maddalendemars/Documents/GitHub/2730final/2730 Final Project/Library/PackageCache/com.unity.visualscripting@1.7.8/Editor/VisualScripting.Core/Dependencies/YamlDotNet/Unity.VisualScripting.YamlDotNet.dll
Symbol file LoadedFromMemory doesn't match image /Users/maddalendemars/Documents/GitHub/2730final/2730 Final Project/Library/PackageCache/com.unity.visualscripting@1.7.8/Editor/VisualScripting.Core/Dependencies/DotNetZip/Unity.VisualScripting.IonicZip.dll
Native extension for WindowsStandalone target not found
Native extension for OSXStandalone target not found
Native extension for WebGL target not found
Refreshing native plugins compatible for Editor in 0.73 ms, found 2 plugins.
Preloading 0 native plugins for Editor in 0.00 ms.
Mono: successfully reloaded assembly
- Completed reload, in  2.405 seconds
Domain Reload Profiling:
	ReloadAssembly (2407ms)
		BeginReloadAssembly (241ms)
			ExecutionOrderSort (0ms)
			DisableScriptedObjects (38ms)
			BackupInstance (0ms)
			ReleaseScriptingObjects (0ms)
			CreateAndSetChildDomain (46ms)
		EndReloadAssembly (1949ms)
			LoadAssemblies (119ms)
			RebuildTransferFunctionScriptingTraits (0ms)
			SetupTypeCache (272ms)
			ReleaseScriptCaches (1ms)
			RebuildScriptCaches (48ms)
			SetupLoadedEditorAssemblies (1335ms)
				LogAssemblyErrors (0ms)
				InitializePlatformSupportModulesInManaged (38ms)
				SetLoadedEditorAssemblies (1ms)
				RefreshPlugins (1ms)
				BeforeProcessingInitializeOnLoad (99ms)
				ProcessInitializeOnLoadAttributes (1050ms)
				ProcessInitializeOnLoadMethodAttributes (145ms)
				AfterProcessingInitializeOnLoad (1ms)
				EditorAssembliesLoaded (0ms)
			ExecutionOrderSort2 (0ms)
			AwakeInstancesAfterBackupRestoration (9ms)
Platform modules already initialized, skipping
Refreshing native plugins compatible for Editor in 2.91 ms, found 2 plugins.
Preloading 0 native plugins for Editor in 0.00 ms.
Unloading 3897 Unused Serialized files (Serialized files now loaded: 0)
Unloading 21 unused Assets / (94.6 KB). Loaded Objects now: 4435.
Memory consumption went from 298.6 MB to 298.5 MB.
Total: 3.191958 ms (FindLiveObjects: 0.322000 ms CreateObjectMapping: 0.092542 ms MarkObjects: 2.734750 ms  DeleteObjects: 0.041333 ms)

AssetImportParameters requested are different than current active one (requested -> active):
  custom:video-decoder-ogg-theora: a1e56fd34408186e4bbccfd4996cb3dc -> 
  custom:container-muxer-webm: aa71ff27fc2769a1b78a27578f13a17b -> 
  custom:container-demuxer-webm: 4f35f7cbe854078d1ac9338744f61a02 -> 
  custom:video-encoder-webm-vp8: eb34c28f22e8b96e1ab97ce403110664 -> 
  custom:framework-osx-AVFoundation: e770b220cccbd017edd2c1fefb359320 -> 
  custom:audio-encoder-webm-vorbis: bf7c407c2cedff20999df2af8eb42d56 -> 
  custom:container-demuxer-ogg: 62fdf1f143b41e24485cea50d1cbac27 -> 
  custom:video-decoder-webm-vp8: 9c59270c3fd7afecdb556c50c9e8de78 -> 
  custom:audio-decoder-ogg-vorbis: bf7c407c2cedff20999df2af8eb42d56 -> 
========================================================================
Received Prepare
Registering precompiled user dll's ...
Registered in 0.002822 seconds.
Begin MonoManager ReloadAssembly
Symbol file LoadedFromMemory doesn't match image /Users/maddalendemars/Documents/GitHub/2730final/2730 Final Project/Library/PackageCache/com.unity.visualscripting@1.7.8/Editor/VisualScripting.Core/Dependencies/YamlDotNet/Unity.VisualScripting.YamlDotNet.dll
Symbol file LoadedFromMemory doesn't match image /Users/maddalendemars/Documents/GitHub/2730final/2730 Final Project/Library/PackageCache/com.unity.visualscripting@1.7.8/Editor/VisualScripting.Core/Dependencies/DotNetZip/Unity.VisualScripting.IonicZip.dll
Native extension for WindowsStandalone target not found
Native extension for OSXStandalone target not found
Native extension for WebGL target not found
Refreshing native plugins compatible for Editor in 0.71 ms, found 2 plugins.
Preloading 0 native plugins for Editor in 0.00 ms.
Mono: successfully reloaded assembly
- Completed reload, in  2.491 seconds
Domain Reload Profiling:
	ReloadAssembly (2493ms)
		BeginReloadAssembly (235ms)
			ExecutionOrderSort (0ms)
			DisableScriptedObjects (38ms)
			BackupInstance (0ms)
			ReleaseScriptingObjects (0ms)
			CreateAndSetChildDomain (45ms)
		EndReloadAssembly (2041ms)
			LoadAssemblies (111ms)
			RebuildTransferFunctionScriptingTraits (0ms)
			SetupTypeCache (276ms)
			ReleaseScriptCaches (1ms)
			RebuildScriptCaches (49ms)
			SetupLoadedEditorAssemblies (1416ms)
				LogAssemblyErrors (0ms)
				InitializePlatformSupportModulesInManaged (38ms)
				SetLoadedEditorAssemblies (2ms)
				RefreshPlugins (1ms)
				BeforeProcessingInitializeOnLoad (105ms)
				ProcessInitializeOnLoadAttributes (1100ms)
				ProcessInitializeOnLoadMethodAttributes (168ms)
				AfterProcessingInitializeOnLoad (2ms)
				EditorAssembliesLoaded (0ms)
			ExecutionOrderSort2 (0ms)
			AwakeInstancesAfterBackupRestoration (11ms)
Platform modules already initialized, skipping
Refreshing native plugins compatible for Editor in 1.72 ms, found 2 plugins.
Preloading 0 native plugins for Editor in 0.00 ms.
Unloading 3897 Unused Serialized files (Serialized files now loaded: 0)
Unloading 21 unused Assets / (94.6 KB). Loaded Objects now: 4450.
Memory consumption went from 299.8 MB to 299.8 MB.
Total: 2.985000 ms (FindLiveObjects: 0.241125 ms CreateObjectMapping: 0.095458 ms MarkObjects: 2.608792 ms  DeleteObjects: 0.038291 ms)

AssetImportParameters requested are different than current active one (requested -> active):
  custom:video-decoder-ogg-theora: a1e56fd34408186e4bbccfd4996cb3dc -> 
  custom:container-muxer-webm: aa71ff27fc2769a1b78a27578f13a17b -> 
  custom:container-demuxer-webm: 4f35f7cbe854078d1ac9338744f61a02 -> 
  custom:video-encoder-webm-vp8: eb34c28f22e8b96e1ab97ce403110664 -> 
  custom:framework-osx-AVFoundation: e770b220cccbd017edd2c1fefb359320 -> 
  custom:audio-encoder-webm-vorbis: bf7c407c2cedff20999df2af8eb42d56 -> 
  custom:container-demuxer-ogg: 62fdf1f143b41e24485cea50d1cbac27 -> 
  custom:video-decoder-webm-vp8: 9c59270c3fd7afecdb556c50c9e8de78 -> 
  custom:audio-decoder-ogg-vorbis: bf7c407c2cedff20999df2af8eb42d56 -> 
========================================================================
Received Import Request.
  Time since last request: 3316.481364 seconds.
  path: Assets/Materials/WitchHutMaterials/cork.mat
  artifactKey: Guid(b396e783edc3343e5a45bfdd113618ef) Importer(815301076,1909f56bfc062723c751e8b465ee728b)
Start importing Assets/Materials/WitchHutMaterials/cork.mat using Guid(b396e783edc3343e5a45bfdd113618ef) Importer(815301076,1909f56bfc062723c751e8b465ee728b)  -> (artifact id: '921208bc311f2e4d331c71a3cc166168') in 0.693080 seconds 
========================================================================
Received Import Request.
  Time since last request: 0.000080 seconds.
  path: Assets/StarterAssets/Environment/Art/Materials/GridWhite_01_Mat.mat
  artifactKey: Guid(dbf898c9f9c4a2d46aa6336e23caeb61) Importer(815301076,1909f56bfc062723c751e8b465ee728b)
Start importing Assets/StarterAssets/Environment/Art/Materials/GridWhite_01_Mat.mat using Guid(dbf898c9f9c4a2d46aa6336e23caeb61) Importer(815301076,1909f56bfc062723c751e8b465ee728b)  -> (artifact id: 'f4138482a61fe2c0a4adfbf02222cd0a') in 0.051712 seconds 
========================================================================
Received Import Request.
  Time since last request: 0.000096 seconds.
  path: Assets/CandyFantasyworld/Models/Materials/SkyBox_1.mat
  artifactKey: Guid(630ce18c46ca14a4c86c999de47f3c3f) Importer(815301076,1909f56bfc062723c751e8b465ee728b)
Start importing Assets/CandyFantasyworld/Models/Materials/SkyBox_1.mat using Guid(630ce18c46ca14a4c86c999de47f3c3f) Importer(815301076,1909f56bfc062723c751e8b465ee728b)  -> (artifact id: 'e4694b92b8d1fe652207bd93c1ac5af4') in 0.017220 seconds 
========================================================================
Received Import Request.
  Time since last request: 0.000077 seconds.
  path: Assets/CandyFantasyworld/Models/Materials/SU(A).mat
  artifactKey: Guid(c5a76d885d0724add83c4f2e2ce2b643) Importer(815301076,1909f56bfc062723c751e8b465ee728b)
Start importing Assets/CandyFantasyworld/Models/Materials/SU(A).mat using Guid(c5a76d885d0724add83c4f2e2ce2b643) Importer(815301076,1909f56bfc062723c751e8b465ee728b)  -> (artifact id: '81b6fb54a7ca0ada2254906dc39aeabd') in 0.013175 seconds 
========================================================================
Received Import Request.
  Time since last request: 0.000055 seconds.
  path: Assets/CandyFantasyworld/Models/Materials/shan.mat
  artifactKey: Guid(41222d48e100f421ca577eb9bda1d841) Importer(815301076,1909f56bfc062723c751e8b465ee728b)
Start importing Assets/CandyFantasyworld/Models/Materials/shan.mat using Guid(41222d48e100f421ca577eb9bda1d841) Importer(815301076,1909f56bfc062723c751e8b465ee728b)  -> (artifact id: 'bbbfe04848da4b5e4fee023a85f53aa9') in 0.007989 seconds 
========================================================================
Received Import Request.
  Time since last request: 0.000071 seconds.
  path: Assets/StarterAssets/Environment/Art/Materials/GridBlue_01_Mat.mat
  artifactKey: Guid(ff188f58422043f489060e28a5e4e0c0) Importer(815301076,1909f56bfc062723c751e8b465ee728b)
Start importing Assets/StarterAssets/Environment/Art/Materials/GridBlue_01_Mat.mat using Guid(ff188f58422043f489060e28a5e4e0c0) Importer(815301076,1909f56bfc062723c751e8b465ee728b)  -> (artifact id: '160ec145ca5762906edd150d911e512e') in 0.021722 seconds 
========================================================================
Received Import Request.
  Time since last request: 0.000082 seconds.
  path: Assets/CandyFantasyworld/Models/Materials/RainbowBridge.mat
  artifactKey: Guid(93722187b7f634094bf253550c4c2d03) Importer(815301076,1909f56bfc062723c751e8b465ee728b)
Start importing Assets/CandyFantasyworld/Models/Materials/RainbowBridge.mat using Guid(93722187b7f634094bf253550c4c2d03) Importer(815301076,1909f56bfc062723c751e8b465ee728b)  -> (artifact id: 'd864a77bea781082c42a26545b931500') in 0.011676 seconds 
========================================================================
Received Import Request.
  Time since last request: 0.000075 seconds.
  path: Assets/Models/treeMaterials/treeLeaf.mat
  artifactKey: Guid(0f93cf758fb2f41c6a0a72e95a47eedb) Importer(815301076,1909f56bfc062723c751e8b465ee728b)
Start importing Assets/Models/treeMaterials/treeLeaf.mat using Guid(0f93cf758fb2f41c6a0a72e95a47eedb) Importer(815301076,1909f56bfc062723c751e8b465ee728b)  -> (artifact id: 'cfe68fa61be4800dc2ebeb311588c57c') in 0.020160 seconds 
========================================================================
Received Import Request.
  Time since last request: 0.000101 seconds.
  path: Assets/Materials/pinkBackground.mat
  artifactKey: Guid(a56dfcb1f403a4f088a3cd356385fee3) Importer(815301076,1909f56bfc062723c751e8b465ee728b)
Start importing Assets/Materials/pinkBackground.mat using Guid(a56dfcb1f403a4f088a3cd356385fee3) Importer(815301076,1909f56bfc062723c751e8b465ee728b)  -> (artifact id: '2e707ece162e7cac718f6e97625f6fe5') in 0.011824 seconds 
========================================================================
Received Import Request.
  Time since last request: 0.000099 seconds.
  path: Assets/CandyFantasyworld/Models/Materials/TangGuo(F1).mat
  artifactKey: Guid(7bd5b1d93b70a468ea8d63337bfdc0f4) Importer(815301076,1909f56bfc062723c751e8b465ee728b)
Start importing Assets/CandyFantasyworld/Models/Materials/TangGuo(F1).mat using Guid(7bd5b1d93b70a468ea8d63337bfdc0f4) Importer(815301076,1909f56bfc062723c751e8b465ee728b)  -> (artifact id: 'ee5cf0048a66fa41c286fc5c9245ebf2') in 0.007965 seconds 
========================================================================
Received Import Request.
  Time since last request: 0.000084 seconds.
  path: Assets/CandyFantasyworld/Models/Materials/SKY.mat
  artifactKey: Guid(18ea0bdf156606b488adcb0d93644671) Importer(815301076,1909f56bfc062723c751e8b465ee728b)
Start importing Assets/CandyFantasyworld/Models/Materials/SKY.mat using Guid(18ea0bdf156606b488adcb0d93644671) Importer(815301076,1909f56bfc062723c751e8b465ee728b)  -> (artifact id: 'b6e53c7aade9b74dfbf9eb712993c1e7') in 0.019537 seconds 
========================================================================
Received Import Request.
  Time since last request: 0.000049 seconds.
  path: Assets/Materials/WitchHutMaterials/fireplace.mat
  artifactKey: Guid(2379fd09e822a4b70abb9d6d969662da) Importer(815301076,1909f56bfc062723c751e8b465ee728b)
Start importing Assets/Materials/WitchHutMaterials/fireplace.mat using Guid(2379fd09e822a4b70abb9d6d969662da) Importer(815301076,1909f56bfc062723c751e8b465ee728b)  -> (artifact id: 'b43e058417dee08417bdc46859f7276a') in 0.012263 seconds 
========================================================================
Received Import Request.
  Time since last request: 0.000049 seconds.
  path: Assets/Models/treeMaterials/treeLeafBW.mat
  artifactKey: Guid(e724832ef40ac4ef3a9e12dc878e3acf) Importer(815301076,1909f56bfc062723c751e8b465ee728b)
Start importing Assets/Models/treeMaterials/treeLeafBW.mat using Guid(e724832ef40ac4ef3a9e12dc878e3acf) Importer(815301076,1909f56bfc062723c751e8b465ee728b)  -> (artifact id: '61cddc8c8434717ad453c9da74c56aa7') in 0.009926 seconds 
========================================================================
Received Import Request.
  Time since last request: 0.000058 seconds.
  path: Assets/StarterAssets/Environment/Art/Models/Stairs_650_400_300_Mesh.fbx
  artifactKey: Guid(7e0223e1d3e1733499accfa5ebffb67e) Importer(815301076,1909f56bfc062723c751e8b465ee728b)
Start importing Assets/StarterAssets/Environment/Art/Models/Stairs_650_400_300_Mesh.fbx using Guid(7e0223e1d3e1733499accfa5ebffb67e) Importer(815301076,1909f56bfc062723c751e8b465ee728b)  -> (artifact id: 'e153ea60b560cdbcb72e0225aba4ed22') in 0.199332 seconds 
========================================================================
Received Import Request.
  Time since last request: 0.000148 seconds.
  path: Assets/StarterAssets/Environment/Art/Models/Structure_Mesh.fbx
  artifactKey: Guid(d0a9bfb4b5f28174884e89dd76563ae8) Importer(815301076,1909f56bfc062723c751e8b465ee728b)
Start importing Assets/StarterAssets/Environment/Art/Models/Structure_Mesh.fbx using Guid(d0a9bfb4b5f28174884e89dd76563ae8) Importer(815301076,1909f56bfc062723c751e8b465ee728b)  -> (artifact id: '627a456c78136d005688dfbcd608d2b7') in 0.026978 seconds 
========================================================================
Received Import Request.
  Time since last request: 0.000059 seconds.
  path: Assets/StarterAssets/Environment/Art/Models/Tunnel_Mesh.fbx
  artifactKey: Guid(f712806514868e54699156ec05dcb749) Importer(815301076,1909f56bfc062723c751e8b465ee728b)
Start importing Assets/StarterAssets/Environment/Art/Models/Tunnel_Mesh.fbx using Guid(f712806514868e54699156ec05dcb749) Importer(815301076,1909f56bfc062723c751e8b465ee728b)  -> (artifact id: 'fd13eec7d053f5c566ebbfbab36e88d1') in 0.032656 seconds 
========================================================================
Received Import Request.
  Time since last request: 0.000058 seconds.
  path: Assets/CandyFantasyworld/Models/Materials/SkyBox_2.mat
  artifactKey: Guid(2053a87ab7058334bbb815c2b333ab24) Importer(815301076,1909f56bfc062723c751e8b465ee728b)
Start importing Assets/CandyFantasyworld/Models/Materials/SkyBox_2.mat using Guid(2053a87ab7058334bbb815c2b333ab24) Importer(815301076,1909f56bfc062723c751e8b465ee728b)  -> (artifact id: 'd27dfcb32dcb9cdb5993db8da7ce1f8b') in 0.008902 seconds 
========================================================================
Received Import Request.
  Time since last request: 0.000045 seconds.
  path: Assets/ArtisticMechanics/Bush Craft Starter Pack/Materials/stealth_01.mat
  artifactKey: Guid(84ad5e1af5ac87b4f97ef1764d7a4ba9) Importer(815301076,1909f56bfc062723c751e8b465ee728b)
Start importing Assets/ArtisticMechanics/Bush Craft Starter Pack/Materials/stealth_01.mat using Guid(84ad5e1af5ac87b4f97ef1764d7a4ba9) Importer(815301076,1909f56bfc062723c751e8b465ee728b)  -> (artifact id: '52ef60be52a175f4e38fbf7ccf32657c') in 0.032692 seconds 
========================================================================
Received Import Request.
  Time since last request: 0.000101 seconds.
  path: Assets/CandyFantasyworld/Models/Materials/fangzi_1.mat
  artifactKey: Guid(2e9f117d81b3e46d2a9f2a7db8cd739c) Importer(815301076,1909f56bfc062723c751e8b465ee728b)
Start importing Assets/CandyFantasyworld/Models/Materials/fangzi_1.mat using Guid(2e9f117d81b3e46d2a9f2a7db8cd739c) Importer(815301076,1909f56bfc062723c751e8b465ee728b)  -> (artifact id: '075feafc5006a36e5a4317b8a530b807') in 0.008958 seconds 
========================================================================
Received Import Request.
  Time since last request: 0.000076 seconds.
  path: Assets/CandyFantasyworld/Materials/LollipopPink.mat
  artifactKey: Guid(8e3b43eae270e403fabf73e77eca06e7) Importer(815301076,1909f56bfc062723c751e8b465ee728b)
Start importing Assets/CandyFantasyworld/Materials/LollipopPink.mat using Guid(8e3b43eae270e403fabf73e77eca06e7) Importer(815301076,1909f56bfc062723c751e8b465ee728b)  -> (artifact id: 'a9a031ff61d20cd4b2d13e551f7f1f27') in 0.016935 seconds 
========================================================================
Received Import Request.
  Time since last request: 0.000123 seconds.
  path: Assets/Materials/Fire_A.mat
  artifactKey: Guid(b465c451c01c117458142e3e46fe035b) Importer(815301076,1909f56bfc062723c751e8b465ee728b)
Start importing Assets/Materials/Fire_A.mat using Guid(b465c451c01c117458142e3e46fe035b) Importer(815301076,1909f56bfc062723c751e8b465ee728b)  -> (artifact id: '7108911b96c37fd073b7aec1360a3574') in 0.008456 seconds 
========================================================================
Received Import Request.
  Time since last request: 0.000079 seconds.
  path: Assets/StarterAssets/Environment/Art/Models/Box_350x250x200_Mesh.fbx
  artifactKey: Guid(c6a55ba99e9e99d41b7eef123e311a43) Importer(815301076,1909f56bfc062723c751e8b465ee728b)
Start importing Assets/StarterAssets/Environment/Art/Models/Box_350x250x200_Mesh.fbx using Guid(c6a55ba99e9e99d41b7eef123e311a43) Importer(815301076,1909f56bfc062723c751e8b465ee728b)  -> (artifact id: 'a6c1f2f0c5d3e88ef50c0d0c73c1f43a') in 0.024663 seconds 
========================================================================
Received Import Request.
  Time since last request: 0.000072 seconds.
  path: Assets/Materials/plotClue1.mat
  artifactKey: Guid(8c47501f7018a460a951d803e95981c6) Importer(815301076,1909f56bfc062723c751e8b465ee728b)
Start importing Assets/Materials/plotClue1.mat using Guid(8c47501f7018a460a951d803e95981c6) Importer(815301076,1909f56bfc062723c751e8b465ee728b)  -> (artifact id: '55d7f9120b0d2faf979cbbbc4f2d8e2e') in 0.033490 seconds 
========================================================================
Received Import Request.
  Time since last request: 0.000084 seconds.
  path: Assets/Materials/WitchHutMaterials/ingredients.mat
  artifactKey: Guid(6bdd9b0781deb4d02996f8da2f00a99c) Importer(815301076,1909f56bfc062723c751e8b465ee728b)
Start importing Assets/Materials/WitchHutMaterials/ingredients.mat using Guid(6bdd9b0781deb4d02996f8da2f00a99c) Importer(815301076,1909f56bfc062723c751e8b465ee728b)  -> (artifact id: 'b16d6f0e7d102b6f03257cdc08621d19') in 0.016759 seconds 
========================================================================
Received Import Request.
  Time since last request: 0.000054 seconds.
  path: Assets/Materials/FireParticle_A.mat
  artifactKey: Guid(abc49fa8b01f5314c880641bc7c5986d) Importer(815301076,1909f56bfc062723c751e8b465ee728b)
Start importing Assets/Materials/FireParticle_A.mat using Guid(abc49fa8b01f5314c880641bc7c5986d) Importer(815301076,1909f56bfc062723c751e8b465ee728b)  -> (artifact id: 'a5ee9e10d932884c8d804b9f7c32f43d') in 0.011630 seconds 
========================================================================
Received Import Request.
  Time since last request: 0.000077 seconds.
  path: Assets/StarterAssets/Environment/Art/Skybox/SkyboxLite.mat
  artifactKey: Guid(f6c51332ac7d92541a38fb263b09d2a8) Importer(815301076,1909f56bfc062723c751e8b465ee728b)
Start importing Assets/StarterAssets/Environment/Art/Skybox/SkyboxLite.mat using Guid(f6c51332ac7d92541a38fb263b09d2a8) Importer(815301076,1909f56bfc062723c751e8b465ee728b)  -> (artifact id: 'cb95a7c6059575d30d8ae4c53a713a2e') in 0.009944 seconds 
========================================================================
Received Import Request.
  Time since last request: 0.000050 seconds.
  path: Assets/CandyFantasyworld/Models/Materials/paopao_Surface.mat
  artifactKey: Guid(6af4ed65c2bca4a90ba54673fa3c1db3) Importer(815301076,1909f56bfc062723c751e8b465ee728b)
Start importing Assets/CandyFantasyworld/Models/Materials/paopao_Surface.mat using Guid(6af4ed65c2bca4a90ba54673fa3c1db3) Importer(815301076,1909f56bfc062723c751e8b465ee728b)  -> (artifact id: 'b56e5c8177b6dda81efd52b4e483bd88') in 0.015897 seconds 
========================================================================
Received Import Request.
  Time since last request: 0.000051 seconds.
  path: Assets/Materials/WitchHutMaterials/icing.mat
  artifactKey: Guid(56603d8956c11426a878308cc23ca773) Importer(815301076,1909f56bfc062723c751e8b465ee728b)
Start importing Assets/Materials/WitchHutMaterials/icing.mat using Guid(56603d8956c11426a878308cc23ca773) Importer(815301076,1909f56bfc062723c751e8b465ee728b)  -> (artifact id: '0f849c97e6f7904434420c7460346e84') in 0.010776 seconds 
========================================================================
Received Prepare
Registering precompiled user dll's ...
Registered in 0.002848 seconds.
Begin MonoManager ReloadAssembly
Symbol file LoadedFromMemory doesn't match image /Users/maddalendemars/Documents/GitHub/2730final/2730 Final Project/Library/PackageCache/com.unity.visualscripting@1.7.8/Editor/VisualScripting.Core/Dependencies/YamlDotNet/Unity.VisualScripting.YamlDotNet.dll
Symbol file LoadedFromMemory doesn't match image /Users/maddalendemars/Documents/GitHub/2730final/2730 Final Project/Library/PackageCache/com.unity.visualscripting@1.7.8/Editor/VisualScripting.Core/Dependencies/DotNetZip/Unity.VisualScripting.IonicZip.dll
Native extension for WindowsStandalone target not found
Native extension for OSXStandalone target not found
Native extension for WebGL target not found
Refreshing native plugins compatible for Editor in 0.68 ms, found 2 plugins.
Preloading 0 native plugins for Editor in 0.00 ms.
Mono: successfully reloaded assembly
- Completed reload, in  2.479 seconds
Domain Reload Profiling:
	ReloadAssembly (2482ms)
		BeginReloadAssembly (222ms)
			ExecutionOrderSort (0ms)
			DisableScriptedObjects (30ms)
			BackupInstance (0ms)
			ReleaseScriptingObjects (0ms)
			CreateAndSetChildDomain (46ms)
		EndReloadAssembly (2048ms)
			LoadAssemblies (100ms)
			RebuildTransferFunctionScriptingTraits (0ms)
			SetupTypeCache (268ms)
			ReleaseScriptCaches (1ms)
			RebuildScriptCaches (50ms)
			SetupLoadedEditorAssemblies (1419ms)
				LogAssemblyErrors (0ms)
				InitializePlatformSupportModulesInManaged (35ms)
				SetLoadedEditorAssemblies (1ms)
				RefreshPlugins (1ms)
				BeforeProcessingInitializeOnLoad (96ms)
				ProcessInitializeOnLoadAttributes (1093ms)
				ProcessInitializeOnLoadMethodAttributes (191ms)
				AfterProcessingInitializeOnLoad (2ms)
				EditorAssembliesLoaded (0ms)
			ExecutionOrderSort2 (0ms)
			AwakeInstancesAfterBackupRestoration (16ms)
Platform modules already initialized, skipping
Refreshing native plugins compatible for Editor in 2.28 ms, found 2 plugins.
Preloading 0 native plugins for Editor in 0.00 ms.
Unloading 3897 Unused Serialized files (Serialized files now loaded: 0)
Unloading 21 unused Assets / (94.7 KB). Loaded Objects now: 4501.
Memory consumption went from 460.6 MB to 460.5 MB.
Total: 3.534708 ms (FindLiveObjects: 0.334333 ms CreateObjectMapping: 0.108250 ms MarkObjects: 3.044458 ms  DeleteObjects: 0.046000 ms)

AssetImportParameters requested are different than current active one (requested -> active):
  custom:video-decoder-ogg-theora: a1e56fd34408186e4bbccfd4996cb3dc -> 
  custom:container-muxer-webm: aa71ff27fc2769a1b78a27578f13a17b -> 
  custom:container-demuxer-webm: 4f35f7cbe854078d1ac9338744f61a02 -> 
  custom:video-encoder-webm-vp8: eb34c28f22e8b96e1ab97ce403110664 -> 
  custom:framework-osx-AVFoundation: e770b220cccbd017edd2c1fefb359320 -> 
  custom:audio-encoder-webm-vorbis: bf7c407c2cedff20999df2af8eb42d56 -> 
  custom:container-demuxer-ogg: 62fdf1f143b41e24485cea50d1cbac27 -> 
  custom:video-decoder-webm-vp8: 9c59270c3fd7afecdb556c50c9e8de78 -> 
  custom:audio-decoder-ogg-vorbis: bf7c407c2cedff20999df2af8eb42d56 -> 
========================================================================
Received Import Request.
  Time since last request: 2704.651295 seconds.
  path: Assets/Scripts/pathContinue.cs
  artifactKey: Guid(be3809fe1553142c39b62a217e61c1a9) Importer(815301076,1909f56bfc062723c751e8b465ee728b)
Start importing Assets/Scripts/pathContinue.cs using Guid(be3809fe1553142c39b62a217e61c1a9) Importer(815301076,1909f56bfc062723c751e8b465ee728b)  -> (artifact id: '82e4deaf8c2607865857b2ba5e4de7c4') in 0.203725 seconds 
