Unity Editor version:    2021.3.11f1 (0a5ca18544bf)
Branch:                  2021.3/staging
Build type:              Release
Batch mode:              YES
macOS version:           Version 13.0.1 (Build 22A400)
Darwin version:          22.1.0
Architecture:            x86_64
Running under Rosetta:   YES
Available memory:        16384 MB
Using pre-set license
Pro License: YES

COMMAND LINE ARGUMENTS:
/Applications/Unity/Hub/Editor/2021.3.11f1/Unity.app/Contents/MacOS/Unity
-adb2
-batchMode
-noUpm
-name
AssetImportWorker1
-projectPath
/Users/maddalendemars/Documents/GitHub/2730final/2730 Final Project
-logFile
Logs/AssetImportWorker1.log
-srvPort
49777
Successfully changed project path to: /Users/maddalendemars/Documents/GitHub/2730final/2730 Final Project
/Users/maddalendemars/Documents/GitHub/2730final/2730 Final Project
[UnityMemory] Configuration Parameters - Can be set up in boot.config
    "memorysetup-bucket-allocator-granularity=16"
    "memorysetup-bucket-allocator-bucket-count=8"
    "memorysetup-bucket-allocator-block-size=33554432"
    "memorysetup-bucket-allocator-block-count=8"
    "memorysetup-main-allocator-block-size=16777216"
    "memorysetup-thread-allocator-block-size=16777216"
    "memorysetup-gfx-main-allocator-block-size=16777216"
    "memorysetup-gfx-thread-allocator-block-size=16777216"
    "memorysetup-cache-allocator-block-size=4194304"
    "memorysetup-typetree-allocator-block-size=2097152"
    "memorysetup-profiler-bucket-allocator-granularity=16"
    "memorysetup-profiler-bucket-allocator-bucket-count=8"
    "memorysetup-profiler-bucket-allocator-block-size=33554432"
    "memorysetup-profiler-bucket-allocator-block-count=8"
    "memorysetup-profiler-allocator-block-size=16777216"
    "memorysetup-profiler-editor-allocator-block-size=1048576"
    "memorysetup-temp-allocator-size-main=16777216"
    "memorysetup-job-temp-allocator-block-size=2097152"
    "memorysetup-job-temp-allocator-block-size-background=1048576"
    "memorysetup-job-temp-allocator-reduction-small-platforms=262144"
    "memorysetup-temp-allocator-size-background-worker=32768"
    "memorysetup-temp-allocator-size-job-worker=262144"
    "memorysetup-temp-allocator-size-preload-manager=33554432"
    "memorysetup-temp-allocator-size-nav-mesh-worker=65536"
    "memorysetup-temp-allocator-size-audio-worker=65536"
    "memorysetup-temp-allocator-size-cloud-worker=32768"
    "memorysetup-temp-allocator-size-gi-baking-worker=262144"
    "memorysetup-temp-allocator-size-gfx=262144"
Refreshing native plugins compatible for Editor in 93.98 ms, found 2 plugins.
Preloading 0 native plugins for Editor in 0.00 ms.
Initialize engine version: 2021.3.11f1 (0a5ca18544bf)
[Subsystems] Discovering subsystems at path /Applications/Unity/Hub/Editor/2021.3.11f1/Unity.app/Contents/Resources/UnitySubsystems
[Subsystems] Discovering subsystems at path /Users/maddalendemars/Documents/GitHub/2730final/2730 Final Project/Assets
GfxDevice: creating device client; threaded=0; jobified=0
 preferred device: Apple M1 (high power)
Metal devices available: 1
0: Apple M1 (high power)
Using device Apple M1 (high power)
Initializing Metal device caps: Apple M1
Initialize mono
Mono path[0] = '/Applications/Unity/Hub/Editor/2021.3.11f1/Unity.app/Contents/Managed'
Mono path[1] = '/Applications/Unity/Hub/Editor/2021.3.11f1/Unity.app/Contents/MonoBleedingEdge/lib/mono/unityjit-macos'
Mono config path = '/Applications/Unity/Hub/Editor/2021.3.11f1/Unity.app/Contents/MonoBleedingEdge/etc'
Using monoOptions --debugger-agent=transport=dt_socket,embedding=1,server=y,suspend=n,address=127.0.0.1:56656
Begin MonoManager ReloadAssembly
Registering precompiled unity dll's ...
Register platform support module: /Applications/Unity/Hub/Editor/2021.3.11f1/PlaybackEngines/WebGLSupport/UnityEditor.WebGL.Extensions.dll
Register platform support module: /Applications/Unity/Hub/Editor/2021.3.11f1/Unity.app/Contents/PlaybackEngines/MacStandaloneSupport/UnityEditor.OSXStandalone.Extensions.dll
Register platform support module: /Applications/Unity/Hub/Editor/2021.3.11f1/PlaybackEngines/WindowsStandaloneSupport/UnityEditor.WindowsStandalone.Extensions.dll
Registered in 0.002853 seconds.
Native extension for WindowsStandalone target not found
Native extension for OSXStandalone target not found
Native extension for WebGL target not found
Refreshing native plugins compatible for Editor in 93.13 ms, found 2 plugins.
Preloading 0 native plugins for Editor in 0.00 ms.
Mono: successfully reloaded assembly
- Completed reload, in  1.381 seconds
Domain Reload Profiling:
	ReloadAssembly (1383ms)
		BeginReloadAssembly (131ms)
			ExecutionOrderSort (0ms)
			DisableScriptedObjects (0ms)
			BackupInstance (0ms)
			ReleaseScriptingObjects (0ms)
			CreateAndSetChildDomain (3ms)
		EndReloadAssembly (1033ms)
			LoadAssemblies (129ms)
			RebuildTransferFunctionScriptingTraits (0ms)
			SetupTypeCache (113ms)
			ReleaseScriptCaches (0ms)
			RebuildScriptCaches (33ms)
			SetupLoadedEditorAssemblies (743ms)
				LogAssemblyErrors (0ms)
				InitializePlatformSupportModulesInManaged (24ms)
				SetLoadedEditorAssemblies (0ms)
				RefreshPlugins (93ms)
				BeforeProcessingInitializeOnLoad (4ms)
				ProcessInitializeOnLoadAttributes (461ms)
				ProcessInitializeOnLoadMethodAttributes (161ms)
				AfterProcessingInitializeOnLoad (0ms)
				EditorAssembliesLoaded (0ms)
			ExecutionOrderSort2 (0ms)
			AwakeInstancesAfterBackupRestoration (0ms)
Platform modules already initialized, skipping
Registering precompiled user dll's ...
Registered in 0.002316 seconds.
Begin MonoManager ReloadAssembly
Symbol file LoadedFromMemory doesn't match image /Users/maddalendemars/Documents/GitHub/2730final/2730 Final Project/Library/PackageCache/com.unity.visualscripting@1.7.8/Editor/VisualScripting.Core/Dependencies/YamlDotNet/Unity.VisualScripting.YamlDotNet.dll
Symbol file LoadedFromMemory doesn't match image /Users/maddalendemars/Documents/GitHub/2730final/2730 Final Project/Library/PackageCache/com.unity.visualscripting@1.7.8/Editor/VisualScripting.Core/Dependencies/DotNetZip/Unity.VisualScripting.IonicZip.dll
Native extension for WindowsStandalone target not found
Native extension for OSXStandalone target not found
Native extension for WebGL target not found
Refreshing native plugins compatible for Editor in 0.52 ms, found 2 plugins.
Preloading 0 native plugins for Editor in 0.00 ms.
Mono: successfully reloaded assembly
- Completed reload, in  2.227 seconds
Domain Reload Profiling:
	ReloadAssembly (2229ms)
		BeginReloadAssembly (209ms)
			ExecutionOrderSort (0ms)
			DisableScriptedObjects (42ms)
			BackupInstance (0ms)
			ReleaseScriptingObjects (0ms)
			CreateAndSetChildDomain (19ms)
		EndReloadAssembly (1748ms)
			LoadAssemblies (116ms)
			RebuildTransferFunctionScriptingTraits (0ms)
			SetupTypeCache (273ms)
			ReleaseScriptCaches (1ms)
			RebuildScriptCaches (57ms)
			SetupLoadedEditorAssemblies (1135ms)
				LogAssemblyErrors (0ms)
				InitializePlatformSupportModulesInManaged (22ms)
				SetLoadedEditorAssemblies (1ms)
				RefreshPlugins (1ms)
				BeforeProcessingInitializeOnLoad (133ms)
				ProcessInitializeOnLoadAttributes (864ms)
				ProcessInitializeOnLoadMethodAttributes (113ms)
				AfterProcessingInitializeOnLoad (1ms)
				EditorAssembliesLoaded (0ms)
			ExecutionOrderSort2 (0ms)
			AwakeInstancesAfterBackupRestoration (10ms)
Platform modules already initialized, skipping
========================================================================
Worker process is ready to serve import requests
Launching external process: /Applications/Unity/Hub/Editor/2021.3.11f1/Unity.app/Contents/Tools/UnityShaderCompiler
Launched and connected shader compiler UnityShaderCompiler after 0.09 seconds
Refreshing native plugins compatible for Editor in 0.62 ms, found 2 plugins.
Preloading 0 native plugins for Editor in 0.00 ms.
Unloading 3383 Unused Serialized files (Serialized files now loaded: 0)
Unloading 27 unused Assets / (85.9 KB). Loaded Objects now: 3845.
Memory consumption went from 104.9 MB to 104.9 MB.
Total: 3.248875 ms (FindLiveObjects: 0.207541 ms CreateObjectMapping: 0.083375 ms MarkObjects: 2.799958 ms  DeleteObjects: 0.156625 ms)

AssetImportParameters requested are different than current active one (requested -> active):
  custom:video-decoder-ogg-theora: a1e56fd34408186e4bbccfd4996cb3dc -> 
  custom:container-muxer-webm: aa71ff27fc2769a1b78a27578f13a17b -> 
  custom:container-demuxer-webm: 4f35f7cbe854078d1ac9338744f61a02 -> 
  custom:video-encoder-webm-vp8: eb34c28f22e8b96e1ab97ce403110664 -> 
  custom:framework-osx-AVFoundation: e770b220cccbd017edd2c1fefb359320 -> 
  custom:audio-encoder-webm-vorbis: bf7c407c2cedff20999df2af8eb42d56 -> 
  custom:container-demuxer-ogg: 62fdf1f143b41e24485cea50d1cbac27 -> 
  custom:video-decoder-webm-vp8: 9c59270c3fd7afecdb556c50c9e8de78 -> 
  custom:audio-decoder-ogg-vorbis: bf7c407c2cedff20999df2af8eb42d56 -> 
========================================================================
Received Import Request.
  Time since last request: 4447.626843 seconds.
  path: Assets/CandyFantasyworld
  artifactKey: Guid(170620af499a64a998a58d01b1ce1668) Importer(815301076,1909f56bfc062723c751e8b465ee728b)
Start importing Assets/CandyFantasyworld using Guid(170620af499a64a998a58d01b1ce1668) Importer(815301076,1909f56bfc062723c751e8b465ee728b)  -> (artifact id: 'f4f5bcdf78da5344f6979a67575f543a') in 0.008412 seconds 
========================================================================
Received Import Request.
  Time since last request: 31.333598 seconds.
  path: Assets/CandyFantasyworld/Models/Materials/bbt_lv.mat
  artifactKey: Guid(e0b1dfff659b94b1494520f5db9537f6) Importer(815301076,1909f56bfc062723c751e8b465ee728b)
Start importing Assets/CandyFantasyworld/Models/Materials/bbt_lv.mat using Guid(e0b1dfff659b94b1494520f5db9537f6) Importer(815301076,1909f56bfc062723c751e8b465ee728b)  -> (artifact id: 'dfaae0beb9d29aa35363acafb8e822c6') in 0.712587 seconds 
========================================================================
Received Import Request.
  Time since last request: 0.000085 seconds.
  path: Assets/CandyFantasyworld/Models/Materials/CJ_2.mat
  artifactKey: Guid(0aebc3e59885d4843b9ad4218edcc2d2) Importer(815301076,1909f56bfc062723c751e8b465ee728b)
Start importing Assets/CandyFantasyworld/Models/Materials/CJ_2.mat using Guid(0aebc3e59885d4843b9ad4218edcc2d2) Importer(815301076,1909f56bfc062723c751e8b465ee728b)  -> (artifact id: '41b1304671e2fffab4818895bd3a1d85') in 0.013809 seconds 
========================================================================
Received Import Request.
  Time since last request: 0.000150 seconds.
  path: Assets/CandyFantasyworld/Models/Materials/common_obj_147_3_E.mat
  artifactKey: Guid(3020d46a64a98ec44b25839e5e7bc2e0) Importer(815301076,1909f56bfc062723c751e8b465ee728b)
Start importing Assets/CandyFantasyworld/Models/Materials/common_obj_147_3_E.mat using Guid(3020d46a64a98ec44b25839e5e7bc2e0) Importer(815301076,1909f56bfc062723c751e8b465ee728b)  -> (artifact id: '829f1aaefd1c25e6dc7714c3593ee1aa') in 0.059473 seconds 
========================================================================
Received Import Request.
  Time since last request: 0.000051 seconds.
  path: Assets/CandyFantasyworld/Models/Materials/bbt_zi.mat
  artifactKey: Guid(f1e27f8542de049a48ea16517c6bab42) Importer(815301076,1909f56bfc062723c751e8b465ee728b)
Start importing Assets/CandyFantasyworld/Models/Materials/bbt_zi.mat using Guid(f1e27f8542de049a48ea16517c6bab42) Importer(815301076,1909f56bfc062723c751e8b465ee728b)  -> (artifact id: '8ed290ab61a1ad3c6008eb9c28d344ec') in 0.008008 seconds 
========================================================================
Received Import Request.
  Time since last request: 0.000067 seconds.
  path: Assets/CandyFantasyworld/Models/Materials/common_obj_147_1_E.mat
  artifactKey: Guid(07c88a0a133f8474c8becbf43518bd53) Importer(815301076,1909f56bfc062723c751e8b465ee728b)
Start importing Assets/CandyFantasyworld/Models/Materials/common_obj_147_1_E.mat using Guid(07c88a0a133f8474c8becbf43518bd53) Importer(815301076,1909f56bfc062723c751e8b465ee728b)  -> (artifact id: '237fe2ca74b15b24de2fef9670049afc') in 0.008549 seconds 
========================================================================
Received Import Request.
  Time since last request: 0.000130 seconds.
  path: Assets/CandyFantasyworld/Models/Materials/common_obj_154_1.mat
  artifactKey: Guid(287b3698eb765cf4a8c840134997e23f) Importer(815301076,1909f56bfc062723c751e8b465ee728b)
Start importing Assets/CandyFantasyworld/Models/Materials/common_obj_154_1.mat using Guid(287b3698eb765cf4a8c840134997e23f) Importer(815301076,1909f56bfc062723c751e8b465ee728b)  -> (artifact id: '6b1a6fcbc1b5c007e9b69dbe3cabcbba') in 0.012965 seconds 
========================================================================
Received Import Request.
  Time since last request: 0.000052 seconds.
  path: Assets/CandyFantasyworld/Models/Materials/common_obj_152.mat
  artifactKey: Guid(8848cdf26a2f08e4e889c345ddaa00d0) Importer(815301076,1909f56bfc062723c751e8b465ee728b)
Start importing Assets/CandyFantasyworld/Models/Materials/common_obj_152.mat using Guid(8848cdf26a2f08e4e889c345ddaa00d0) Importer(815301076,1909f56bfc062723c751e8b465ee728b)  -> (artifact id: '35b73effeaa207f8fcd64700943ee620') in 0.011866 seconds 
========================================================================
Received Import Request.
  Time since last request: 0.000064 seconds.
  path: Assets/CandyFantasyworld/Models/Materials/common_obj_166_2.mat
  artifactKey: Guid(461959535f5a3ec438464e847c9d2db3) Importer(815301076,1909f56bfc062723c751e8b465ee728b)
Start importing Assets/CandyFantasyworld/Models/Materials/common_obj_166_2.mat using Guid(461959535f5a3ec438464e847c9d2db3) Importer(815301076,1909f56bfc062723c751e8b465ee728b)  -> (artifact id: '3e02570998ec1d8af2143e63245e33aa') in 0.017601 seconds 
========================================================================
Received Import Request.
  Time since last request: 0.000066 seconds.
  path: Assets/CandyFantasyworld/Models/Materials/common_obj_165.mat
  artifactKey: Guid(23d662ccc438d7b4982180d466297797) Importer(815301076,1909f56bfc062723c751e8b465ee728b)
Start importing Assets/CandyFantasyworld/Models/Materials/common_obj_165.mat using Guid(23d662ccc438d7b4982180d466297797) Importer(815301076,1909f56bfc062723c751e8b465ee728b)  -> (artifact id: 'de1a0c426edb3eac087a3e92ad06f965') in 0.012170 seconds 
========================================================================
Received Import Request.
  Time since last request: 0.000054 seconds.
  path: Assets/CandyFantasyworld/Models/Materials/common_obj_166_1.mat
  artifactKey: Guid(128a657785bbcdf4db28794d1f5ba035) Importer(815301076,1909f56bfc062723c751e8b465ee728b)
Start importing Assets/CandyFantasyworld/Models/Materials/common_obj_166_1.mat using Guid(128a657785bbcdf4db28794d1f5ba035) Importer(815301076,1909f56bfc062723c751e8b465ee728b)  -> (artifact id: '8726755b567109afac652af6e3cc1885') in 0.017880 seconds 
========================================================================
Received Import Request.
  Time since last request: 0.000053 seconds.
  path: Assets/CandyFantasyworld/Models/Materials/common_obj_153.mat
  artifactKey: Guid(adea27aab887055469325c1e714e4946) Importer(815301076,1909f56bfc062723c751e8b465ee728b)
Start importing Assets/CandyFantasyworld/Models/Materials/common_obj_153.mat using Guid(adea27aab887055469325c1e714e4946) Importer(815301076,1909f56bfc062723c751e8b465ee728b)  -> (artifact id: '84e5d1ce105111a0bea3c8a52aa3fd78') in 0.016018 seconds 
========================================================================
Received Import Request.
  Time since last request: 0.000069 seconds.
  path: Assets/CandyFantasyworld/Models/Materials/common_obj_148_1.mat
  artifactKey: Guid(c98e94abac3ee494288ee269352c9d45) Importer(815301076,1909f56bfc062723c751e8b465ee728b)
Start importing Assets/CandyFantasyworld/Models/Materials/common_obj_148_1.mat using Guid(c98e94abac3ee494288ee269352c9d45) Importer(815301076,1909f56bfc062723c751e8b465ee728b)  -> (artifact id: '010a06c21da67584c2ed521ab236435e') in 0.013655 seconds 
========================================================================
Received Import Request.
  Time since last request: 0.000051 seconds.
  path: Assets/CandyFantasyworld/Models/Materials/common_obj_149_1.mat
  artifactKey: Guid(d4e221690af7ffe46a8e29253032e4b5) Importer(815301076,1909f56bfc062723c751e8b465ee728b)
Start importing Assets/CandyFantasyworld/Models/Materials/common_obj_149_1.mat using Guid(d4e221690af7ffe46a8e29253032e4b5) Importer(815301076,1909f56bfc062723c751e8b465ee728b)  -> (artifact id: '250d57f23ea9b84b157f09c5bfc76128') in 0.010905 seconds 
========================================================================
Received Import Request.
  Time since last request: 13.859470 seconds.
  path: Assets/CandyFantasyworld/Materials/CandyGround_2.mat
  artifactKey: Guid(c2c915ba085f14dabbaefd7a4da1c62e) Importer(815301076,1909f56bfc062723c751e8b465ee728b)
Start importing Assets/CandyFantasyworld/Materials/CandyGround_2.mat using Guid(c2c915ba085f14dabbaefd7a4da1c62e) Importer(815301076,1909f56bfc062723c751e8b465ee728b)  -> (artifact id: 'a93426ac55ff0de25a7db9ce884abc77') in 0.039592 seconds 
========================================================================
Received Import Request.
  Time since last request: 248.081157 seconds.
  path: Assets/Textures/WitchHutTextures/candle_wax_texture.jpeg
  artifactKey: Guid(a9aff0cd333134013a4f06caacdc2ed9) Importer(815301076,1909f56bfc062723c751e8b465ee728b)
Start importing Assets/Textures/WitchHutTextures/candle_wax_texture.jpeg using Guid(a9aff0cd333134013a4f06caacdc2ed9) Importer(815301076,1909f56bfc062723c751e8b465ee728b)  -> (artifact id: '49d4260d3fbc93c9fdf1b5c7d8ef88cd') in 0.403422 seconds 
========================================================================
Received Import Request.
  Time since last request: 0.000109 seconds.
  path: Assets/Textures/WitchHutTextures/candycane_vertical.jpeg
  artifactKey: Guid(9f9385a11cd594c7399b3b7e45ecb05a) Importer(815301076,1909f56bfc062723c751e8b465ee728b)
Start importing Assets/Textures/WitchHutTextures/candycane_vertical.jpeg using Guid(9f9385a11cd594c7399b3b7e45ecb05a) Importer(815301076,1909f56bfc062723c751e8b465ee728b)  -> (artifact id: '60b330ae3a1de4ccff64d2a75b3e2406') in 0.008166 seconds 
========================================================================
Received Import Request.
  Time since last request: 10.467858 seconds.
  path: Assets/Materials/forestPink.png
  artifactKey: Guid(48b2961ed51fa4e15ab26424f76ca962) Importer(815301076,1909f56bfc062723c751e8b465ee728b)
Start importing Assets/Materials/forestPink.png using Guid(48b2961ed51fa4e15ab26424f76ca962) Importer(815301076,1909f56bfc062723c751e8b465ee728b)  -> (artifact id: '62b808f45990982bfb228d52105b92c1') in 0.386784 seconds 
========================================================================
Received Import Request.
  Time since last request: 2.109451 seconds.
  path: Packages/com.unity.timeline/Editor/StyleSheets/Images/Icons/Timeline-Marker-Warning-Overlay.png
  artifactKey: Guid(945f4ecec6df62244b9ebcc363833642) Importer(815301076,1909f56bfc062723c751e8b465ee728b)
Start importing Packages/com.unity.timeline/Editor/StyleSheets/Images/Icons/Timeline-Marker-Warning-Overlay.png using Guid(945f4ecec6df62244b9ebcc363833642) Importer(815301076,1909f56bfc062723c751e8b465ee728b)  -> (artifact id: '8ea7f33a125ed31fb5c4bbc534e091f0') in 0.006210 seconds 
========================================================================
Received Import Request.
  Time since last request: 0.000046 seconds.
  path: Packages/com.unity.timeline/Editor/StyleSheets/Images/DarkSkin/TimelineActivation.png
  artifactKey: Guid(359cf58d5969d1a4aad29b095c7fc338) Importer(815301076,1909f56bfc062723c751e8b465ee728b)
Start importing Packages/com.unity.timeline/Editor/StyleSheets/Images/DarkSkin/TimelineActivation.png using Guid(359cf58d5969d1a4aad29b095c7fc338) Importer(815301076,1909f56bfc062723c751e8b465ee728b)  -> (artifact id: 'dfe06d6600932debb1096f962d84523a') in 0.006281 seconds 
========================================================================
Received Import Request.
  Time since last request: 0.000049 seconds.
  path: Packages/com.unity.timeline/Editor/StyleSheets/Images/DarkSkin/TimelineAutokey.png
  artifactKey: Guid(92b5e4310629b264dad0fb2cc196d818) Importer(815301076,1909f56bfc062723c751e8b465ee728b)
Start importing Packages/com.unity.timeline/Editor/StyleSheets/Images/DarkSkin/TimelineAutokey.png using Guid(92b5e4310629b264dad0fb2cc196d818) Importer(815301076,1909f56bfc062723c751e8b465ee728b)  -> (artifact id: '0d46d1f87b6ac028b3ea466b46d608b3') in 0.006124 seconds 
========================================================================
Received Import Request.
  Time since last request: 0.029470 seconds.
  path: Packages/com.unity.timeline/Editor/StyleSheets/Images/LightSkin/TimelineAutokey@2x.png
  artifactKey: Guid(cf3fbf98d5c3f1941bd9c0256918a4c8) Importer(815301076,1909f56bfc062723c751e8b465ee728b)
Start importing Packages/com.unity.timeline/Editor/StyleSheets/Images/LightSkin/TimelineAutokey@2x.png using Guid(cf3fbf98d5c3f1941bd9c0256918a4c8) Importer(815301076,1909f56bfc062723c751e8b465ee728b)  -> (artifact id: '17fb0a36d535e6dccea2ce8dcc83b55b') in 0.011285 seconds 
========================================================================
Received Import Request.
  Time since last request: 0.000888 seconds.
  path: Packages/com.unity.timeline/Editor/StyleSheets/Images/LightSkin/TimelineAutokey_active@2x.png
  artifactKey: Guid(f6717d61970edba4686c297677881a77) Importer(815301076,1909f56bfc062723c751e8b465ee728b)
Start importing Packages/com.unity.timeline/Editor/StyleSheets/Images/LightSkin/TimelineAutokey_active@2x.png using Guid(f6717d61970edba4686c297677881a77) Importer(815301076,1909f56bfc062723c751e8b465ee728b)  -> (artifact id: '47a76ba63907b9491b83c09f9a6d0801') in 0.006010 seconds 
========================================================================
Received Import Request.
  Time since last request: 0.000083 seconds.
  path: Packages/com.unity.timeline/Editor/StyleSheets/Images/DarkSkin/TimelineAutokey_active.png
  artifactKey: Guid(e17ee60887efdd04389991a15ee0c578) Importer(815301076,1909f56bfc062723c751e8b465ee728b)
Start importing Packages/com.unity.timeline/Editor/StyleSheets/Images/DarkSkin/TimelineAutokey_active.png using Guid(e17ee60887efdd04389991a15ee0c578) Importer(815301076,1909f56bfc062723c751e8b465ee728b)  -> (artifact id: 'ff252a2770b10f3e9a873d49ec0a9dab') in 0.006005 seconds 
========================================================================
Received Import Request.
  Time since last request: 0.007302 seconds.
  path: Packages/com.unity.timeline/Editor/StyleSheets/Images/Icons/TimelineClipBG.png
  artifactKey: Guid(d44fc8b11425e0043aa7c20a301ce707) Importer(815301076,1909f56bfc062723c751e8b465ee728b)
Start importing Packages/com.unity.timeline/Editor/StyleSheets/Images/Icons/TimelineClipBG.png using Guid(d44fc8b11425e0043aa7c20a301ce707) Importer(815301076,1909f56bfc062723c751e8b465ee728b)  -> (artifact id: '38f48f5691aded00480681404b05885d') in 0.006576 seconds 
========================================================================
Received Import Request.
  Time since last request: 0.000113 seconds.
  path: Packages/com.unity.timeline/Editor/StyleSheets/Images/Icons/TimelineCollapseMarkerButtonDisabled.png
  artifactKey: Guid(b80d5b6acdfbc114b9efab6295fd96c1) Importer(815301076,1909f56bfc062723c751e8b465ee728b)
Start importing Packages/com.unity.timeline/Editor/StyleSheets/Images/Icons/TimelineCollapseMarkerButtonDisabled.png using Guid(b80d5b6acdfbc114b9efab6295fd96c1) Importer(815301076,1909f56bfc062723c751e8b465ee728b)  -> (artifact id: '12002f12b843ae3b1f316af0d49b6e9e') in 0.007140 seconds 
========================================================================
Received Import Request.
  Time since last request: 0.000073 seconds.
  path: Packages/com.unity.timeline/Editor/StyleSheets/Images/Icons/TimelineCollapseMarkerButtonEnabled.png
  artifactKey: Guid(0367ce1ebbbb18940b79eed63a0315d5) Importer(815301076,1909f56bfc062723c751e8b465ee728b)
Start importing Packages/com.unity.timeline/Editor/StyleSheets/Images/Icons/TimelineCollapseMarkerButtonEnabled.png using Guid(0367ce1ebbbb18940b79eed63a0315d5) Importer(815301076,1909f56bfc062723c751e8b465ee728b)  -> (artifact id: '70912f997db7fd6a2aed08f23b38576d') in 0.005801 seconds 
========================================================================
Received Import Request.
  Time since last request: 0.551512 seconds.
  path: Packages/com.unity.timeline/Editor/StyleSheets/Images/DarkSkin/TimelineContinue.png
  artifactKey: Guid(f747f9cdf03f2ff418fe728a77e8cbef) Importer(815301076,1909f56bfc062723c751e8b465ee728b)
Start importing Packages/com.unity.timeline/Editor/StyleSheets/Images/DarkSkin/TimelineContinue.png using Guid(f747f9cdf03f2ff418fe728a77e8cbef) Importer(815301076,1909f56bfc062723c751e8b465ee728b)  -> (artifact id: '0af063368246eaa8ef3815d862a0ee43') in 0.006710 seconds 
========================================================================
Received Import Request.
  Time since last request: 0.000047 seconds.
  path: Packages/com.unity.timeline/Editor/StyleSheets/Images/LightSkin/TimelineDisabledBackground.png
  artifactKey: Guid(0304baf8d224f3e47b22d872c8dcd412) Importer(815301076,1909f56bfc062723c751e8b465ee728b)
Start importing Packages/com.unity.timeline/Editor/StyleSheets/Images/LightSkin/TimelineDisabledBackground.png using Guid(0304baf8d224f3e47b22d872c8dcd412) Importer(815301076,1909f56bfc062723c751e8b465ee728b)  -> (artifact id: '084dab8f43c121d197019db29e85a761') in 0.006106 seconds 
========================================================================
Received Import Request.
  Time since last request: 0.000080 seconds.
  path: Packages/com.unity.timeline/Editor/StyleSheets/Images/DarkSkin/TimelineDisabledBackground.png
  artifactKey: Guid(412f73153f3a3c549b67b2a847741145) Importer(815301076,1909f56bfc062723c751e8b465ee728b)
Start importing Packages/com.unity.timeline/Editor/StyleSheets/Images/DarkSkin/TimelineDisabledBackground.png using Guid(412f73153f3a3c549b67b2a847741145) Importer(815301076,1909f56bfc062723c751e8b465ee728b)  -> (artifact id: '3787341b3d23721d84e5d60d1e59ef8d') in 0.010826 seconds 
========================================================================
Received Import Request.
  Time since last request: 0.028336 seconds.
  path: Packages/com.unity.timeline/Editor/StyleSheets/Images/Icons/TimelineEditModeMixON.png
  artifactKey: Guid(a82846d41464fcf4b962ebdc815963f5) Importer(815301076,1909f56bfc062723c751e8b465ee728b)
Start importing Packages/com.unity.timeline/Editor/StyleSheets/Images/Icons/TimelineEditModeMixON.png using Guid(a82846d41464fcf4b962ebdc815963f5) Importer(815301076,1909f56bfc062723c751e8b465ee728b)  -> (artifact id: 'b5f870cb6f5d77c6155c30a0e6327b5c') in 0.012769 seconds 
========================================================================
Received Import Request.
  Time since last request: 0.000444 seconds.
  path: Packages/com.unity.timeline/Editor/StyleSheets/Images/Icons/TimelineEditModeReplaceOFF.png
  artifactKey: Guid(09ae14686a02d484ab41e76fd1efba14) Importer(815301076,1909f56bfc062723c751e8b465ee728b)
Start importing Packages/com.unity.timeline/Editor/StyleSheets/Images/Icons/TimelineEditModeReplaceOFF.png using Guid(09ae14686a02d484ab41e76fd1efba14) Importer(815301076,1909f56bfc062723c751e8b465ee728b)  -> (artifact id: '9bc3b0c4642293dbe812334a4c19d91a') in 0.006520 seconds 
========================================================================
Received Import Request.
  Time since last request: 0.000051 seconds.
  path: Packages/com.unity.timeline/Editor/StyleSheets/Images/Icons/TimelineEditModeReplaceON.png
  artifactKey: Guid(6d41c3e8796a4fd4e80840354039e4ac) Importer(815301076,1909f56bfc062723c751e8b465ee728b)
Start importing Packages/com.unity.timeline/Editor/StyleSheets/Images/Icons/TimelineEditModeReplaceON.png using Guid(6d41c3e8796a4fd4e80840354039e4ac) Importer(815301076,1909f56bfc062723c751e8b465ee728b)  -> (artifact id: '8e8c8104acb791df083c37777ef52adf') in 0.005801 seconds 
========================================================================
Received Import Request.
  Time since last request: 0.007663 seconds.
  path: Packages/com.unity.timeline/Editor/StyleSheets/Images/DarkSkin/TimelineEndPlayback.png
  artifactKey: Guid(c285802d9d414814fad592b90b223f15) Importer(815301076,1909f56bfc062723c751e8b465ee728b)
Start importing Packages/com.unity.timeline/Editor/StyleSheets/Images/DarkSkin/TimelineEndPlayback.png using Guid(c285802d9d414814fad592b90b223f15) Importer(815301076,1909f56bfc062723c751e8b465ee728b)  -> (artifact id: 'd9aeca0b638e7fa3d5bb0f3e34b81c02') in 0.009164 seconds 
========================================================================
Received Import Request.
  Time since last request: 0.000068 seconds.
  path: Packages/com.unity.timeline/Editor/StyleSheets/Images/Shared/TimelineGroupBackground.png
  artifactKey: Guid(6ca5daa3415451940921fa7e2c3db9e8) Importer(815301076,1909f56bfc062723c751e8b465ee728b)
Start importing Packages/com.unity.timeline/Editor/StyleSheets/Images/Shared/TimelineGroupBackground.png using Guid(6ca5daa3415451940921fa7e2c3db9e8) Importer(815301076,1909f56bfc062723c751e8b465ee728b)  -> (artifact id: '4e449469c09b7d2bb9bf67027ec03224') in 0.006139 seconds 
========================================================================
Received Import Request.
  Time since last request: 0.000045 seconds.
  path: Packages/com.unity.timeline/Editor/StyleSheets/Images/LightSkin/TimelineHold.png
  artifactKey: Guid(a09fd8b5d9396c24a96a6de50cddc3b9) Importer(815301076,1909f56bfc062723c751e8b465ee728b)
Start importing Packages/com.unity.timeline/Editor/StyleSheets/Images/LightSkin/TimelineHold.png using Guid(a09fd8b5d9396c24a96a6de50cddc3b9) Importer(815301076,1909f56bfc062723c751e8b465ee728b)  -> (artifact id: '238ccc107145b2108c1750b5b61fd0cf') in 0.005804 seconds 
========================================================================
Received Import Request.
  Time since last request: 0.074490 seconds.
  path: Packages/com.unity.timeline/Editor/StyleSheets/Images/DarkSkin/TimelineIconClipIn.png
  artifactKey: Guid(ab1e2f0dfb0df5e40bb95359b3d8ed3a) Importer(815301076,1909f56bfc062723c751e8b465ee728b)
Start importing Packages/com.unity.timeline/Editor/StyleSheets/Images/DarkSkin/TimelineIconClipIn.png using Guid(ab1e2f0dfb0df5e40bb95359b3d8ed3a) Importer(815301076,1909f56bfc062723c751e8b465ee728b)  -> (artifact id: '6962a46f8b7102460c6a9f8b33bc0c10') in 0.006712 seconds 
========================================================================
Received Import Request.
  Time since last request: 0.000072 seconds.
  path: Packages/com.unity.timeline/Editor/StyleSheets/Images/DarkSkin/TimelineIconClipOut.png
  artifactKey: Guid(32f7e3598d6414c489127629e29af3f6) Importer(815301076,1909f56bfc062723c751e8b465ee728b)
Start importing Packages/com.unity.timeline/Editor/StyleSheets/Images/DarkSkin/TimelineIconClipOut.png using Guid(32f7e3598d6414c489127629e29af3f6) Importer(815301076,1909f56bfc062723c751e8b465ee728b)  -> (artifact id: '90a254ef42f5d4c76d166bc598cf1287') in 0.006156 seconds 
========================================================================
Received Import Request.
  Time since last request: 0.000068 seconds.
  path: Packages/com.unity.timeline/Editor/StyleSheets/Images/DarkSkin/TimelineInfiniteTrackNoShadow.png
  artifactKey: Guid(eae63adb172f1164db61a7f4bdfc3637) Importer(815301076,1909f56bfc062723c751e8b465ee728b)
Start importing Packages/com.unity.timeline/Editor/StyleSheets/Images/DarkSkin/TimelineInfiniteTrackNoShadow.png using Guid(eae63adb172f1164db61a7f4bdfc3637) Importer(815301076,1909f56bfc062723c751e8b465ee728b)  -> (artifact id: '8b28ee9737689fac33331fa1155a8a0b') in 0.006239 seconds 
========================================================================
Received Import Request.
  Time since last request: 2.435765 seconds.
  path: Packages/com.unity.timeline/Editor/StyleSheets/Images/LightSkin/TimelineKeyframe.png
  artifactKey: Guid(f9fd2f335364cda41937eab39bf20049) Importer(815301076,1909f56bfc062723c751e8b465ee728b)
Start importing Packages/com.unity.timeline/Editor/StyleSheets/Images/LightSkin/TimelineKeyframe.png using Guid(f9fd2f335364cda41937eab39bf20049) Importer(815301076,1909f56bfc062723c751e8b465ee728b)  -> (artifact id: '4d71945f6eff2517903ac2c2bba80439') in 0.006856 seconds 
========================================================================
Received Import Request.
  Time since last request: 0.000062 seconds.
  path: Packages/com.unity.timeline/Editor/StyleSheets/Images/DarkSkin/TimelineMarkerItem.png
  artifactKey: Guid(c133595e3c100774496e03e66fa69259) Importer(815301076,1909f56bfc062723c751e8b465ee728b)
Start importing Packages/com.unity.timeline/Editor/StyleSheets/Images/DarkSkin/TimelineMarkerItem.png using Guid(c133595e3c100774496e03e66fa69259) Importer(815301076,1909f56bfc062723c751e8b465ee728b)  -> (artifact id: 'b2c346096402194482da7004f871e71b') in 0.005725 seconds 
========================================================================
Received Import Request.
  Time since last request: 0.000064 seconds.
  path: Packages/com.unity.timeline/Editor/StyleSheets/Images/DarkSkin/TimelineLoop.png
  artifactKey: Guid(360dded8761e81d4d98c10f469d55492) Importer(815301076,1909f56bfc062723c751e8b465ee728b)
Start importing Packages/com.unity.timeline/Editor/StyleSheets/Images/DarkSkin/TimelineLoop.png using Guid(360dded8761e81d4d98c10f469d55492) Importer(815301076,1909f56bfc062723c751e8b465ee728b)  -> (artifact id: '190782c8aeeee8e5ffb7ae05ccf8e9df') in 0.012296 seconds 
========================================================================
Received Import Request.
  Time since last request: 0.142472 seconds.
  path: Packages/com.unity.timeline/Editor/StyleSheets/Images/LightSkin/TimelineMarkerItemCollapsed.png
  artifactKey: Guid(7d4691eba7565c34ab785c00fbc27ff8) Importer(815301076,1909f56bfc062723c751e8b465ee728b)
Start importing Packages/com.unity.timeline/Editor/StyleSheets/Images/LightSkin/TimelineMarkerItemCollapsed.png using Guid(7d4691eba7565c34ab785c00fbc27ff8) Importer(815301076,1909f56bfc062723c751e8b465ee728b)  -> (artifact id: '14c046d3e9ea506dfaf09b9fa87267d6') in 0.006693 seconds 
========================================================================
Received Import Request.
  Time since last request: 0.000067 seconds.
  path: Packages/com.unity.timeline/Editor/StyleSheets/Images/LightSkin/TimelineMarkerItemSelected.png
  artifactKey: Guid(b6e9dc9aad5843748a0124b8925c3743) Importer(815301076,1909f56bfc062723c751e8b465ee728b)
Start importing Packages/com.unity.timeline/Editor/StyleSheets/Images/LightSkin/TimelineMarkerItemSelected.png using Guid(b6e9dc9aad5843748a0124b8925c3743) Importer(815301076,1909f56bfc062723c751e8b465ee728b)  -> (artifact id: '62c7eeca9c9319a03a451e57333d3944') in 0.006037 seconds 
========================================================================
Received Import Request.
  Time since last request: 0.000060 seconds.
  path: Packages/com.unity.timeline/Editor/StyleSheets/Images/DarkSkin/TimelineMarkerItemSelected.png
  artifactKey: Guid(3dd65256ca8837544b3e738c0d3ee0e2) Importer(815301076,1909f56bfc062723c751e8b465ee728b)
Start importing Packages/com.unity.timeline/Editor/StyleSheets/Images/DarkSkin/TimelineMarkerItemSelected.png using Guid(3dd65256ca8837544b3e738c0d3ee0e2) Importer(815301076,1909f56bfc062723c751e8b465ee728b)  -> (artifact id: 'f9ab6979e2e22cb567bd6f33422636cc') in 0.006878 seconds 
========================================================================
Received Import Request.
  Time since last request: 0.079267 seconds.
  path: Packages/com.unity.timeline/Editor/StyleSheets/Images/LightSkin/TimelinePlayRange.png
  artifactKey: Guid(70e3f118652b9094885689730ad3a47b) Importer(815301076,1909f56bfc062723c751e8b465ee728b)
Start importing Packages/com.unity.timeline/Editor/StyleSheets/Images/LightSkin/TimelinePlayRange.png using Guid(70e3f118652b9094885689730ad3a47b) Importer(815301076,1909f56bfc062723c751e8b465ee728b)  -> (artifact id: '03c23f62afe2a3609a411c374456b13a') in 0.007022 seconds 
========================================================================
Received Import Request.
  Time since last request: 0.000046 seconds.
  path: Packages/com.unity.timeline/Editor/StyleSheets/Images/DarkSkin/TimelinePlayRange.png
  artifactKey: Guid(43eeff8a446b32242a4fb1a5c1bd7b8e) Importer(815301076,1909f56bfc062723c751e8b465ee728b)
Start importing Packages/com.unity.timeline/Editor/StyleSheets/Images/DarkSkin/TimelinePlayRange.png using Guid(43eeff8a446b32242a4fb1a5c1bd7b8e) Importer(815301076,1909f56bfc062723c751e8b465ee728b)  -> (artifact id: 'd0a4fc52d8408d881b5d12f4db327cc9') in 0.005417 seconds 
========================================================================
Received Import Request.
  Time since last request: 0.000067 seconds.
  path: Packages/com.unity.timeline/Editor/StyleSheets/Images/Icons/TimelineSignal.png
  artifactKey: Guid(15845fb26c2846947b4dedb9fb348cc1) Importer(815301076,1909f56bfc062723c751e8b465ee728b)
Start importing Packages/com.unity.timeline/Editor/StyleSheets/Images/Icons/TimelineSignal.png using Guid(15845fb26c2846947b4dedb9fb348cc1) Importer(815301076,1909f56bfc062723c751e8b465ee728b)  -> (artifact id: '1d9c7543ebc7dec68575a02548539c1e') in 0.009213 seconds 
========================================================================
Received Import Request.
  Time since last request: 0.115790 seconds.
  path: Packages/com.unity.timeline/Editor/StyleSheets/Images/LightSkin/TimelineSignalCollapsed.png
  artifactKey: Guid(a88fa20ed164bbe4da6bf533f94a3113) Importer(815301076,1909f56bfc062723c751e8b465ee728b)
Start importing Packages/com.unity.timeline/Editor/StyleSheets/Images/LightSkin/TimelineSignalCollapsed.png using Guid(a88fa20ed164bbe4da6bf533f94a3113) Importer(815301076,1909f56bfc062723c751e8b465ee728b)  -> (artifact id: 'aa2a9db489c82b813b00e3069c7f7c16') in 0.006445 seconds 
========================================================================
Received Import Request.
  Time since last request: 0.000050 seconds.
  path: Packages/com.unity.timeline/Editor/StyleSheets/Images/DarkSkin/TimelineStartPlayback.png
  artifactKey: Guid(5060c9f9eb2f7ee4695b638a21d8fe01) Importer(815301076,1909f56bfc062723c751e8b465ee728b)
Start importing Packages/com.unity.timeline/Editor/StyleSheets/Images/DarkSkin/TimelineStartPlayback.png using Guid(5060c9f9eb2f7ee4695b638a21d8fe01) Importer(815301076,1909f56bfc062723c751e8b465ee728b)  -> (artifact id: '1be0cb528dec0700649a0f6053a188d5') in 0.006183 seconds 
========================================================================
Received Import Request.
  Time since last request: 0.000049 seconds.
  path: Packages/com.unity.timeline/Editor/StyleSheets/Images/LightSkin/TimelineStartPlayback.png
  artifactKey: Guid(824c4beb0ca6c934bbc7a26919302236) Importer(815301076,1909f56bfc062723c751e8b465ee728b)
Start importing Packages/com.unity.timeline/Editor/StyleSheets/Images/LightSkin/TimelineStartPlayback.png using Guid(824c4beb0ca6c934bbc7a26919302236) Importer(815301076,1909f56bfc062723c751e8b465ee728b)  -> (artifact id: 'a9375e861a7ed9b14ca55b31ccf0ea88') in 0.006106 seconds 
========================================================================
Received Import Request.
  Time since last request: 0.051902 seconds.
  path: Packages/com.unity.timeline/Editor/StyleSheets/Images/LightSkin/TimelineTimeCursor.png
  artifactKey: Guid(ed665472b4fee2043a5c1cc802beaa8e) Importer(815301076,1909f56bfc062723c751e8b465ee728b)
Start importing Packages/com.unity.timeline/Editor/StyleSheets/Images/LightSkin/TimelineTimeCursor.png using Guid(ed665472b4fee2043a5c1cc802beaa8e) Importer(815301076,1909f56bfc062723c751e8b465ee728b)  -> (artifact id: 'c8efacab7d93364f49538c1751c7ecee') in 0.006527 seconds 
========================================================================
Received Import Request.
  Time since last request: 0.000069 seconds.
  path: Packages/com.unity.services.core/Editor/Core/UiHelpers/Images/ToggleOn.png
  artifactKey: Guid(e97f44a089f144758b462da41bc96973) Importer(815301076,1909f56bfc062723c751e8b465ee728b)
Start importing Packages/com.unity.services.core/Editor/Core/UiHelpers/Images/ToggleOn.png using Guid(e97f44a089f144758b462da41bc96973) Importer(815301076,1909f56bfc062723c751e8b465ee728b)  -> (artifact id: '4403cfb21d981a2190fc78983a8f6ba2') in 0.006952 seconds 
========================================================================
Received Import Request.
  Time since last request: 0.000071 seconds.
  path: Packages/com.unity.services.core/Editor/Core/UiHelpers/Images/ToggleOff.png
  artifactKey: Guid(04ca3057bc8a3462899551a1d4c90184) Importer(815301076,1909f56bfc062723c751e8b465ee728b)
Start importing Packages/com.unity.services.core/Editor/Core/UiHelpers/Images/ToggleOff.png using Guid(04ca3057bc8a3462899551a1d4c90184) Importer(815301076,1909f56bfc062723c751e8b465ee728b)  -> (artifact id: '3cb46c5cfaa89267327332e13f45ae12') in 0.008261 seconds 
========================================================================
Received Import Request.
  Time since last request: 0.052476 seconds.
  path: Packages/com.unity.timeline/Editor/StyleSheets/Images/Icons/TrackAvatarButtonDisabled@2x.png
  artifactKey: Guid(7c05578092876a0458b8b480269aef86) Importer(815301076,1909f56bfc062723c751e8b465ee728b)
Start importing Packages/com.unity.timeline/Editor/StyleSheets/Images/Icons/TrackAvatarButtonDisabled@2x.png using Guid(7c05578092876a0458b8b480269aef86) Importer(815301076,1909f56bfc062723c751e8b465ee728b)  -> (artifact id: '7eb9d07a20c16ce59ebe7cd17d2e858a') in 0.006468 seconds 
========================================================================
Received Import Request.
  Time since last request: 0.000059 seconds.
  path: Packages/com.unity.timeline/Editor/StyleSheets/Images/Icons/TrackAvatarButtonEnabled.png
  artifactKey: Guid(4bf6507f1346b2746a35384f6a5fd5f9) Importer(815301076,1909f56bfc062723c751e8b465ee728b)
Start importing Packages/com.unity.timeline/Editor/StyleSheets/Images/Icons/TrackAvatarButtonEnabled.png using Guid(4bf6507f1346b2746a35384f6a5fd5f9) Importer(815301076,1909f56bfc062723c751e8b465ee728b)  -> (artifact id: '2f3127b9aecf2fd96224b17539e2eb31') in 0.006218 seconds 
========================================================================
Received Import Request.
  Time since last request: 0.000071 seconds.
  path: Packages/com.unity.timeline/Editor/StyleSheets/Images/Icons/TrackAvatarButtonEnabled@2x.png
  artifactKey: Guid(51bf5f55a8a01e546bf6092b54fdae20) Importer(815301076,1909f56bfc062723c751e8b465ee728b)
Start importing Packages/com.unity.timeline/Editor/StyleSheets/Images/Icons/TrackAvatarButtonEnabled@2x.png using Guid(51bf5f55a8a01e546bf6092b54fdae20) Importer(815301076,1909f56bfc062723c751e8b465ee728b)  -> (artifact id: 'ac88784daddcf851cf2926c25f6de0c2') in 0.010299 seconds 
========================================================================
Received Import Request.
  Time since last request: 0.195100 seconds.
  path: Packages/com.unity.timeline/Editor/StyleSheets/Images/Icons/TrackCurvesButtonEnabled@2x.png
  artifactKey: Guid(9e541b6dcfb77d34481f69b3d62d0343) Importer(815301076,1909f56bfc062723c751e8b465ee728b)
Start importing Packages/com.unity.timeline/Editor/StyleSheets/Images/Icons/TrackCurvesButtonEnabled@2x.png using Guid(9e541b6dcfb77d34481f69b3d62d0343) Importer(815301076,1909f56bfc062723c751e8b465ee728b)  -> (artifact id: '2c0378ecdd3ffafc92c6a8f0cfc1d014') in 0.006540 seconds 
========================================================================
Received Import Request.
  Time since last request: 0.000040 seconds.
  path: Packages/com.unity.timeline/Editor/StyleSheets/Images/Icons/TrackLockButtonDisabled@2x.png
  artifactKey: Guid(6fb5cabb85ba3794682b16eba19440cb) Importer(815301076,1909f56bfc062723c751e8b465ee728b)
Start importing Packages/com.unity.timeline/Editor/StyleSheets/Images/Icons/TrackLockButtonDisabled@2x.png using Guid(6fb5cabb85ba3794682b16eba19440cb) Importer(815301076,1909f56bfc062723c751e8b465ee728b)  -> (artifact id: 'aef57a78147c3dadf9c62abe22997f08') in 0.006004 seconds 
========================================================================
Received Import Request.
  Time since last request: 0.000072 seconds.
  path: Packages/com.unity.timeline/Editor/StyleSheets/Images/Icons/TrackLockButtonEnabled.png
  artifactKey: Guid(cf575301f1e76c4478de0e77db15eba0) Importer(815301076,1909f56bfc062723c751e8b465ee728b)
Start importing Packages/com.unity.timeline/Editor/StyleSheets/Images/Icons/TrackLockButtonEnabled.png using Guid(cf575301f1e76c4478de0e77db15eba0) Importer(815301076,1909f56bfc062723c751e8b465ee728b)  -> (artifact id: 'c80fb2d7fe35e71f146fbd50f2780f98') in 0.010864 seconds 
========================================================================
Received Import Request.
  Time since last request: 0.062981 seconds.
  path: Packages/com.unity.timeline/Editor/StyleSheets/Images/Icons/TrackMarkerButtonDisabled@2x.png
  artifactKey: Guid(193dae938a3136440b693b45a2494737) Importer(815301076,1909f56bfc062723c751e8b465ee728b)
Start importing Packages/com.unity.timeline/Editor/StyleSheets/Images/Icons/TrackMarkerButtonDisabled@2x.png using Guid(193dae938a3136440b693b45a2494737) Importer(815301076,1909f56bfc062723c751e8b465ee728b)  -> (artifact id: '0709555df9974a221ec1160f4c5b5fd3') in 0.006495 seconds 
========================================================================
Received Import Request.
  Time since last request: 0.000061 seconds.
  path: Packages/com.unity.timeline/Editor/StyleSheets/Images/Icons/TrackMarkerButtonEnabled@2x.png
  artifactKey: Guid(c35a22ede3f5feb488bf69587ddc36ed) Importer(815301076,1909f56bfc062723c751e8b465ee728b)
Start importing Packages/com.unity.timeline/Editor/StyleSheets/Images/Icons/TrackMarkerButtonEnabled@2x.png using Guid(c35a22ede3f5feb488bf69587ddc36ed) Importer(815301076,1909f56bfc062723c751e8b465ee728b)  -> (artifact id: '647529ec89e39e384c65b8f14ae575cc') in 0.006261 seconds 
========================================================================
Received Import Request.
  Time since last request: 0.000066 seconds.
  path: Packages/com.unity.timeline/Editor/StyleSheets/Images/Icons/TrackMuteButtonDisabled@2x.png
  artifactKey: Guid(db31466324572e740a431e4e0e03a016) Importer(815301076,1909f56bfc062723c751e8b465ee728b)
Start importing Packages/com.unity.timeline/Editor/StyleSheets/Images/Icons/TrackMuteButtonDisabled@2x.png using Guid(db31466324572e740a431e4e0e03a016) Importer(815301076,1909f56bfc062723c751e8b465ee728b)  -> (artifact id: 'da50a9c062e235f57dde21cbd8447fe1') in 0.006125 seconds 
========================================================================
Received Import Request.
  Time since last request: 0.006204 seconds.
  path: Packages/com.unity.timeline/Editor/StyleSheets/Images/Icons/TrackMuteButtonEnabled@2x.png
  artifactKey: Guid(512aaee9b220348408a2e518f98d6e14) Importer(815301076,1909f56bfc062723c751e8b465ee728b)
Start importing Packages/com.unity.timeline/Editor/StyleSheets/Images/Icons/TrackMuteButtonEnabled@2x.png using Guid(512aaee9b220348408a2e518f98d6e14) Importer(815301076,1909f56bfc062723c751e8b465ee728b)  -> (artifact id: '8feaf86a1090a5d93ec3a2407aba3437') in 0.012628 seconds 
========================================================================
Received Import Request.
  Time since last request: 0.000671 seconds.
  path: Packages/com.unity.timeline/Editor/StyleSheets/Images/Icons/TrackRecordButtonEnabled@2x.png
  artifactKey: Guid(8fdae4ac756ed6047b01021ff0cc3ebb) Importer(815301076,1909f56bfc062723c751e8b465ee728b)
Start importing Packages/com.unity.timeline/Editor/StyleSheets/Images/Icons/TrackRecordButtonEnabled@2x.png using Guid(8fdae4ac756ed6047b01021ff0cc3ebb) Importer(815301076,1909f56bfc062723c751e8b465ee728b)  -> (artifact id: 'adb7b9ad6b58b8c07ea977d1b67ede4f') in 0.006067 seconds 
========================================================================
Received Import Request.
  Time since last request: 0.000074 seconds.
  path: Packages/com.unity.timeline/Editor/StyleSheets/Images/Icons/TrackRecordButtonEnabled.png
  artifactKey: Guid(c6a0c6226c05f954fa6cd03aebb4d255) Importer(815301076,1909f56bfc062723c751e8b465ee728b)
Start importing Packages/com.unity.timeline/Editor/StyleSheets/Images/Icons/TrackRecordButtonEnabled.png using Guid(c6a0c6226c05f954fa6cd03aebb4d255) Importer(815301076,1909f56bfc062723c751e8b465ee728b)  -> (artifact id: 'a2335ade5cdebf400cacc1d93c378fda') in 0.005829 seconds 
========================================================================
Received Import Request.
  Time since last request: 0.084361 seconds.
  path: Packages/com.unity.collab-proxy/Editor/Collaborate/Assets/Icons/undo-dark.png
  artifactKey: Guid(9f379314652051f4aa49201b44eae54d) Importer(815301076,1909f56bfc062723c751e8b465ee728b)
Start importing Packages/com.unity.collab-proxy/Editor/Collaborate/Assets/Icons/undo-dark.png using Guid(9f379314652051f4aa49201b44eae54d) Importer(815301076,1909f56bfc062723c751e8b465ee728b)  -> (artifact id: '9da6293b84a1654bdb6923c69788fe1a') in 0.006085 seconds 
========================================================================
Received Import Request.
  Time since last request: 0.000053 seconds.
  path: Packages/com.unity.collab-proxy/Editor/Collaborate/Assets/Icons/undo-light@2x.png
  artifactKey: Guid(497a860dcf38eca4485e2b936e03bef3) Importer(815301076,1909f56bfc062723c751e8b465ee728b)
Start importing Packages/com.unity.collab-proxy/Editor/Collaborate/Assets/Icons/undo-light@2x.png using Guid(497a860dcf38eca4485e2b936e03bef3) Importer(815301076,1909f56bfc062723c751e8b465ee728b)  -> (artifact id: '052458ab2b64795decb81b15f1878538') in 0.006187 seconds 
========================================================================
Received Import Request.
  Time since last request: 0.000073 seconds.
  path: Packages/com.unity.collab-proxy/Editor/PlasticSCM/Assets/Images/xlink.png
  artifactKey: Guid(556a2f3b046024d4c9621c1b4be5f0c1) Importer(815301076,1909f56bfc062723c751e8b465ee728b)
Start importing Packages/com.unity.collab-proxy/Editor/PlasticSCM/Assets/Images/xlink.png using Guid(556a2f3b046024d4c9621c1b4be5f0c1) Importer(815301076,1909f56bfc062723c751e8b465ee728b)  -> (artifact id: '4f4f0304fea1be8a2d45d0389b5cc0c1') in 0.040951 seconds 
========================================================================
Received Import Request.
  Time since last request: 60.437428 seconds.
  path: Assets/CandyFantasyworld/Materials/LollipopOrange.mat
  artifactKey: Guid(ef9c8f66e59734fe48e0dbee058b19c3) Importer(815301076,1909f56bfc062723c751e8b465ee728b)
Start importing Assets/CandyFantasyworld/Materials/LollipopOrange.mat using Guid(ef9c8f66e59734fe48e0dbee058b19c3) Importer(815301076,1909f56bfc062723c751e8b465ee728b)  -> (artifact id: 'f2baefce266007f2b5fcece530bb2c81') in 0.008576 seconds 
========================================================================
Received Import Request.
  Time since last request: 177.452379 seconds.
  path: Assets/Materials/WitchHutMaterials/gingerbreadWalls.mat
  artifactKey: Guid(c3f55c275fe7040eba8556982da8c51c) Importer(815301076,1909f56bfc062723c751e8b465ee728b)
Start importing Assets/Materials/WitchHutMaterials/gingerbreadWalls.mat using Guid(c3f55c275fe7040eba8556982da8c51c) Importer(815301076,1909f56bfc062723c751e8b465ee728b)  -> (artifact id: '17b26cdeddc07d03514091a5b348d39b') in 0.009004 seconds 
========================================================================
Received Import Request.
  Time since last request: 0.000145 seconds.
  path: Assets/Materials/pinkBackground.mat
  artifactKey: Guid(a56dfcb1f403a4f088a3cd356385fee3) Importer(815301076,1909f56bfc062723c751e8b465ee728b)
Start importing Assets/Materials/pinkBackground.mat using Guid(a56dfcb1f403a4f088a3cd356385fee3) Importer(815301076,1909f56bfc062723c751e8b465ee728b)  -> (artifact id: '2e707ece162e7cac718f6e97625f6fe5') in 0.008572 seconds 
========================================================================
Received Import Request.
  Time since last request: 0.000064 seconds.
  path: Assets/Models/treeMaterials/tree-lambert2.mat
  artifactKey: Guid(a23acc91302624436adf775d3c6e5b1b) Importer(815301076,1909f56bfc062723c751e8b465ee728b)
Start importing Assets/Models/treeMaterials/tree-lambert2.mat using Guid(a23acc91302624436adf775d3c6e5b1b) Importer(815301076,1909f56bfc062723c751e8b465ee728b)  -> (artifact id: 'bcee974a5c9774bb3aa8fe95d4fe40a5') in 0.008233 seconds 
========================================================================
Received Import Request.
  Time since last request: 0.000050 seconds.
  path: Assets/Models/treeMaterials/New Material 1.mat
  artifactKey: Guid(81e8faa548ef648739800bb35225b3d1) Importer(815301076,1909f56bfc062723c751e8b465ee728b)
Start importing Assets/Models/treeMaterials/New Material 1.mat using Guid(81e8faa548ef648739800bb35225b3d1) Importer(815301076,1909f56bfc062723c751e8b465ee728b)  -> (artifact id: '48f743285ab6698dc8c98af4aa67ac2b') in 0.010549 seconds 
AssetImportWorkerClient::OnTransportError - code=2 error=End of file
